nohup: ignoring input
[0mGET / [32m200 [0m11.114 ms - 1372[0m
[0mGET /AC_logo.png [32m200 [0m1.622 ms - 2974[0m
[0mGET /testFile.html [36m304 [0m1.390 ms - -[0m
[0mGET /stylesheets/audioChroma.css [36m304 [0m0.770 ms - -[0m
[0mGET /javascripts/testFile.js [36m304 [0m0.181 ms - -[0m
Sent result: 08 Autumn Painter (Luminous Arc - Prelude) [OA, DragonAvenger].mp3,1-11 Epic Bananas (Treetop Tumble) [Sole Signal].mp3,13 - Symbol of the Ancients - AriesT - Harmony of a Hunter.mp3,Darkesword - Ancient Hero.mp3,Donkey_Kong_Country_Permutation_OC_ReMix.mp3,Final_Fantasy_6_Heaven_Awaits_OC_ReMix.mp3,Final_Fantasy_6_Magicite_Made_My_Mind_Melt_OC_ReMix.mp3,Final_Fantasy_7_Black_Wing_Metamorphosis_OC_ReMix.mp3,Final_Fantasy_AfterLife_OC_ReMix.mp3,Legend_of_Zelda_A_Link_to_the_Past_Sacred_Flute_OC_ReMix.mp3,Legend_of_Zelda_The_Wind_Waker_Her_Smile_in_Every_Summer_OC_ReMix.mp3,Legend_of_Zelda_Zelda_Heineken_OC_ReMix.mp3,Metal_Gear_Solid_2_Metal_Gear_May_Cry_(Remastered)_OC_ReMix.mp3,Reference Scales_Chromatic Scale On F Sharp.mp3,Reference Scales_On A Flat-G Sharp.mp3,Reference Scales_Pentatonic on F Sharp.mp3,Silent_Hill_2_There_Was_A_Hole_Here_OC_ReMix.mp3,Silent_Hill_2_True(ItsGoneNowmix)_OC_ReMix.mp3,Sonic_the_Hedgehog_2_ForbiddenMemory(ofaForgottenDream)_OC_ReMix.mp3
[0mGET /getMusic [36m304 [0m4.817 ms - -[0m
[0mGET /music/Legend_of_Zelda_Zelda_Heineken_OC_ReMix.mp3 [36m304 [0m0.350 ms - -[0m
[0mGET /stylesheets/audioChroma.css [36m304 [0m0.306 ms - -[0m
[0mGET /testFile.html [36m304 [0m0.378 ms - -[0m
[0mGET /stylesheets/audioChroma.css [36m304 [0m0.556 ms - -[0m
[0mGET /javascripts/testFile.js [36m304 [0m0.564 ms - -[0m
Sent result: 08 Autumn Painter (Luminous Arc - Prelude) [OA, DragonAvenger].mp3,1-11 Epic Bananas (Treetop Tumble) [Sole Signal].mp3,13 - Symbol of the Ancients - AriesT - Harmony of a Hunter.mp3,Darkesword - Ancient Hero.mp3,Donkey_Kong_Country_Permutation_OC_ReMix.mp3,Final_Fantasy_6_Heaven_Awaits_OC_ReMix.mp3,Final_Fantasy_6_Magicite_Made_My_Mind_Melt_OC_ReMix.mp3,Final_Fantasy_7_Black_Wing_Metamorphosis_OC_ReMix.mp3,Final_Fantasy_AfterLife_OC_ReMix.mp3,Legend_of_Zelda_A_Link_to_the_Past_Sacred_Flute_OC_ReMix.mp3,Legend_of_Zelda_The_Wind_Waker_Her_Smile_in_Every_Summer_OC_ReMix.mp3,Legend_of_Zelda_Zelda_Heineken_OC_ReMix.mp3,Metal_Gear_Solid_2_Metal_Gear_May_Cry_(Remastered)_OC_ReMix.mp3,Reference Scales_Chromatic Scale On F Sharp.mp3,Reference Scales_On A Flat-G Sharp.mp3,Reference Scales_Pentatonic on F Sharp.mp3,Silent_Hill_2_There_Was_A_Hole_Here_OC_ReMix.mp3,Silent_Hill_2_True(ItsGoneNowmix)_OC_ReMix.mp3,Sonic_the_Hedgehog_2_ForbiddenMemory(ofaForgottenDream)_OC_ReMix.mp3
[0mGET /getMusic [36m304 [0m0.839 ms - -[0m
[0mGET /music/Legend_of_Zelda_Zelda_Heineken_OC_ReMix.mp3 [36m304 [0m0.224 ms - -[0m
[0mGET /testFile.html [32m200 [0m1.866 ms - 2755[0m
[0mGET /stylesheets/audioChroma.css [36m304 [0m0.304 ms - -[0m
[0mGET /javascripts/testFile.js [36m304 [0m0.294 ms - -[0m
Sent result: 08 Autumn Painter (Luminous Arc - Prelude) [OA, DragonAvenger].mp3,1-11 Epic Bananas (Treetop Tumble) [Sole Signal].mp3,13 - Symbol of the Ancients - AriesT - Harmony of a Hunter.mp3,Darkesword - Ancient Hero.mp3,Donkey_Kong_Country_Permutation_OC_ReMix.mp3,Final_Fantasy_6_Heaven_Awaits_OC_ReMix.mp3,Final_Fantasy_6_Magicite_Made_My_Mind_Melt_OC_ReMix.mp3,Final_Fantasy_7_Black_Wing_Metamorphosis_OC_ReMix.mp3,Final_Fantasy_AfterLife_OC_ReMix.mp3,Legend_of_Zelda_A_Link_to_the_Past_Sacred_Flute_OC_ReMix.mp3,Legend_of_Zelda_The_Wind_Waker_Her_Smile_in_Every_Summer_OC_ReMix.mp3,Legend_of_Zelda_Zelda_Heineken_OC_ReMix.mp3,Metal_Gear_Solid_2_Metal_Gear_May_Cry_(Remastered)_OC_ReMix.mp3,Reference Scales_Chromatic Scale On F Sharp.mp3,Reference Scales_On A Flat-G Sharp.mp3,Reference Scales_Pentatonic on F Sharp.mp3,Silent_Hill_2_There_Was_A_Hole_Here_OC_ReMix.mp3,Silent_Hill_2_True(ItsGoneNowmix)_OC_ReMix.mp3,Sonic_the_Hedgehog_2_ForbiddenMemory(ofaForgottenDream)_OC_ReMix.mp3
[0mGET /getMusic [36m304 [0m3.333 ms - -[0m
[0mGET /music/Legend_of_Zelda_Zelda_Heineken_OC_ReMix.mp3 [36m304 [0m0.741 ms - -[0m
[0mGET /testFile.html [32m200 [0m1.364 ms - 2776[0m
[0mGET /stylesheets/audioChroma.css [36m304 [0m0.843 ms - -[0m
[0mGET /javascripts/testFile.js [36m304 [0m0.782 ms - -[0m
Sent result: 08 Autumn Painter (Luminous Arc - Prelude) [OA, DragonAvenger].mp3,1-11 Epic Bananas (Treetop Tumble) [Sole Signal].mp3,13 - Symbol of the Ancients - AriesT - Harmony of a Hunter.mp3,Darkesword - Ancient Hero.mp3,Donkey_Kong_Country_Permutation_OC_ReMix.mp3,Final_Fantasy_6_Heaven_Awaits_OC_ReMix.mp3,Final_Fantasy_6_Magicite_Made_My_Mind_Melt_OC_ReMix.mp3,Final_Fantasy_7_Black_Wing_Metamorphosis_OC_ReMix.mp3,Final_Fantasy_AfterLife_OC_ReMix.mp3,Legend_of_Zelda_A_Link_to_the_Past_Sacred_Flute_OC_ReMix.mp3,Legend_of_Zelda_The_Wind_Waker_Her_Smile_in_Every_Summer_OC_ReMix.mp3,Legend_of_Zelda_Zelda_Heineken_OC_ReMix.mp3,Metal_Gear_Solid_2_Metal_Gear_May_Cry_(Remastered)_OC_ReMix.mp3,Reference Scales_Chromatic Scale On F Sharp.mp3,Reference Scales_On A Flat-G Sharp.mp3,Reference Scales_Pentatonic on F Sharp.mp3,Silent_Hill_2_There_Was_A_Hole_Here_OC_ReMix.mp3,Silent_Hill_2_True(ItsGoneNowmix)_OC_ReMix.mp3,Sonic_the_Hedgehog_2_ForbiddenMemory(ofaForgottenDream)_OC_ReMix.mp3
[0mGET /getMusic [36m304 [0m2.713 ms - -[0m
[0mGET /music/Legend_of_Zelda_Zelda_Heineken_OC_ReMix.mp3 [36m304 [0m0.239 ms - -[0m
[0mGET /testFile.html [32m200 [0m0.691 ms - 2934[0m
[0mGET /stylesheets/audioChroma.css [36m304 [0m0.584 ms - -[0m
[0mGET /javascripts/testFile.js [36m304 [0m0.360 ms - -[0m
Sent result: 08 Autumn Painter (Luminous Arc - Prelude) [OA, DragonAvenger].mp3,1-11 Epic Bananas (Treetop Tumble) [Sole Signal].mp3,13 - Symbol of the Ancients - AriesT - Harmony of a Hunter.mp3,Darkesword - Ancient Hero.mp3,Donkey_Kong_Country_Permutation_OC_ReMix.mp3,Final_Fantasy_6_Heaven_Awaits_OC_ReMix.mp3,Final_Fantasy_6_Magicite_Made_My_Mind_Melt_OC_ReMix.mp3,Final_Fantasy_7_Black_Wing_Metamorphosis_OC_ReMix.mp3,Final_Fantasy_AfterLife_OC_ReMix.mp3,Legend_of_Zelda_A_Link_to_the_Past_Sacred_Flute_OC_ReMix.mp3,Legend_of_Zelda_The_Wind_Waker_Her_Smile_in_Every_Summer_OC_ReMix.mp3,Legend_of_Zelda_Zelda_Heineken_OC_ReMix.mp3,Metal_Gear_Solid_2_Metal_Gear_May_Cry_(Remastered)_OC_ReMix.mp3,Reference Scales_Chromatic Scale On F Sharp.mp3,Reference Scales_On A Flat-G Sharp.mp3,Reference Scales_Pentatonic on F Sharp.mp3,Silent_Hill_2_There_Was_A_Hole_Here_OC_ReMix.mp3,Silent_Hill_2_True(ItsGoneNowmix)_OC_ReMix.mp3,Sonic_the_Hedgehog_2_ForbiddenMemory(ofaForgottenDream)_OC_ReMix.mp3
[0mGET /getMusic [36m304 [0m0.777 ms - -[0m
[0mGET /music/Legend_of_Zelda_Zelda_Heineken_OC_ReMix.mp3 [36m304 [0m0.263 ms - -[0m
[0mGET /testFile.html [32m200 [0m0.783 ms - 2935[0m
[0mGET /stylesheets/audioChroma.css [36m304 [0m2.138 ms - -[0m
[0mGET /javascripts/testFile.js [36m304 [0m0.950 ms - -[0m
Sent result: 08 Autumn Painter (Luminous Arc - Prelude) [OA, DragonAvenger].mp3,1-11 Epic Bananas (Treetop Tumble) [Sole Signal].mp3,13 - Symbol of the Ancients - AriesT - Harmony of a Hunter.mp3,Darkesword - Ancient Hero.mp3,Donkey_Kong_Country_Permutation_OC_ReMix.mp3,Final_Fantasy_6_Heaven_Awaits_OC_ReMix.mp3,Final_Fantasy_6_Magicite_Made_My_Mind_Melt_OC_ReMix.mp3,Final_Fantasy_7_Black_Wing_Metamorphosis_OC_ReMix.mp3,Final_Fantasy_AfterLife_OC_ReMix.mp3,Legend_of_Zelda_A_Link_to_the_Past_Sacred_Flute_OC_ReMix.mp3,Legend_of_Zelda_The_Wind_Waker_Her_Smile_in_Every_Summer_OC_ReMix.mp3,Legend_of_Zelda_Zelda_Heineken_OC_ReMix.mp3,Metal_Gear_Solid_2_Metal_Gear_May_Cry_(Remastered)_OC_ReMix.mp3,Reference Scales_Chromatic Scale On F Sharp.mp3,Reference Scales_On A Flat-G Sharp.mp3,Reference Scales_Pentatonic on F Sharp.mp3,Silent_Hill_2_There_Was_A_Hole_Here_OC_ReMix.mp3,Silent_Hill_2_True(ItsGoneNowmix)_OC_ReMix.mp3,Sonic_the_Hedgehog_2_ForbiddenMemory(ofaForgottenDream)_OC_ReMix.mp3
[0mGET /getMusic [36m304 [0m0.845 ms - -[0m
[0mGET /testFile.html [36m304 [0m0.558 ms - -[0m
[0mGET /stylesheets/audioChroma.css [36m304 [0m0.321 ms - -[0m
[0mGET /javascripts/testFile.js [36m304 [0m0.457 ms - -[0m
Sent result: 08 Autumn Painter (Luminous Arc - Prelude) [OA, DragonAvenger].mp3,1-11 Epic Bananas (Treetop Tumble) [Sole Signal].mp3,13 - Symbol of the Ancients - AriesT - Harmony of a Hunter.mp3,Darkesword - Ancient Hero.mp3,Donkey_Kong_Country_Permutation_OC_ReMix.mp3,Final_Fantasy_6_Heaven_Awaits_OC_ReMix.mp3,Final_Fantasy_6_Magicite_Made_My_Mind_Melt_OC_ReMix.mp3,Final_Fantasy_7_Black_Wing_Metamorphosis_OC_ReMix.mp3,Final_Fantasy_AfterLife_OC_ReMix.mp3,Legend_of_Zelda_A_Link_to_the_Past_Sacred_Flute_OC_ReMix.mp3,Legend_of_Zelda_The_Wind_Waker_Her_Smile_in_Every_Summer_OC_ReMix.mp3,Legend_of_Zelda_Zelda_Heineken_OC_ReMix.mp3,Metal_Gear_Solid_2_Metal_Gear_May_Cry_(Remastered)_OC_ReMix.mp3,Reference Scales_Chromatic Scale On F Sharp.mp3,Reference Scales_On A Flat-G Sharp.mp3,Reference Scales_Pentatonic on F Sharp.mp3,Silent_Hill_2_There_Was_A_Hole_Here_OC_ReMix.mp3,Silent_Hill_2_True(ItsGoneNowmix)_OC_ReMix.mp3,Sonic_the_Hedgehog_2_ForbiddenMemory(ofaForgottenDream)_OC_ReMix.mp3
[0mGET /getMusic [36m304 [0m1.746 ms - -[0m
[0mGET /music/Legend_of_Zelda_Zelda_Heineken_OC_ReMix.mp3 [36m304 [0m0.206 ms - -[0m
[0mGET /studies.html [36m304 [0m0.376 ms - -[0m
[0mGET /stylesheets/audioChroma.css [36m304 [0m0.514 ms - -[0m
[0mGET /study.js [32m200 [0m0.876 ms - 4495[0m
[0mGET /javascripts/header.js [36m304 [0m0.233 ms - -[0m
Sent result: 08 Autumn Painter (Luminous Arc - Prelude) [OA, DragonAvenger].mp3,1-11 Epic Bananas (Treetop Tumble) [Sole Signal].mp3,13 - Symbol of the Ancients - AriesT - Harmony of a Hunter.mp3,Darkesword - Ancient Hero.mp3,Donkey_Kong_Country_Permutation_OC_ReMix.mp3,Final_Fantasy_6_Heaven_Awaits_OC_ReMix.mp3,Final_Fantasy_6_Magicite_Made_My_Mind_Melt_OC_ReMix.mp3,Final_Fantasy_7_Black_Wing_Metamorphosis_OC_ReMix.mp3,Final_Fantasy_AfterLife_OC_ReMix.mp3,Legend_of_Zelda_A_Link_to_the_Past_Sacred_Flute_OC_ReMix.mp3,Legend_of_Zelda_The_Wind_Waker_Her_Smile_in_Every_Summer_OC_ReMix.mp3,Legend_of_Zelda_Zelda_Heineken_OC_ReMix.mp3,Metal_Gear_Solid_2_Metal_Gear_May_Cry_(Remastered)_OC_ReMix.mp3,Reference Scales_Chromatic Scale On F Sharp.mp3,Reference Scales_On A Flat-G Sharp.mp3,Reference Scales_Pentatonic on F Sharp.mp3,Silent_Hill_2_There_Was_A_Hole_Here_OC_ReMix.mp3,Silent_Hill_2_True(ItsGoneNowmix)_OC_ReMix.mp3,Sonic_the_Hedgehog_2_ForbiddenMemory(ofaForgottenDream)_OC_ReMix.mp3
[0mGET /getMusic [36m304 [0m1.149 ms - -[0m
[0mGET /music/Legend_of_Zelda_Zelda_Heineken_OC_ReMix.mp3 [36m304 [0m0.307 ms - -[0m
[0mGET /studies.html [36m304 [0m0.310 ms - -[0m
[0mGET /stylesheets/audioChroma.css [36m304 [0m0.246 ms - -[0m
[0mGET /javascripts/header.js [36m304 [0m0.207 ms - -[0m
[0mGET /study.js [32m200 [0m0.405 ms - 4594[0m
Sent result: 08 Autumn Painter (Luminous Arc - Prelude) [OA, DragonAvenger].mp3,1-11 Epic Bananas (Treetop Tumble) [Sole Signal].mp3,13 - Symbol of the Ancients - AriesT - Harmony of a Hunter.mp3,Darkesword - Ancient Hero.mp3,Donkey_Kong_Country_Permutation_OC_ReMix.mp3,Final_Fantasy_6_Heaven_Awaits_OC_ReMix.mp3,Final_Fantasy_6_Magicite_Made_My_Mind_Melt_OC_ReMix.mp3,Final_Fantasy_7_Black_Wing_Metamorphosis_OC_ReMix.mp3,Final_Fantasy_AfterLife_OC_ReMix.mp3,Legend_of_Zelda_A_Link_to_the_Past_Sacred_Flute_OC_ReMix.mp3,Legend_of_Zelda_The_Wind_Waker_Her_Smile_in_Every_Summer_OC_ReMix.mp3,Legend_of_Zelda_Zelda_Heineken_OC_ReMix.mp3,Metal_Gear_Solid_2_Metal_Gear_May_Cry_(Remastered)_OC_ReMix.mp3,Reference Scales_Chromatic Scale On F Sharp.mp3,Reference Scales_On A Flat-G Sharp.mp3,Reference Scales_Pentatonic on F Sharp.mp3,Silent_Hill_2_There_Was_A_Hole_Here_OC_ReMix.mp3,Silent_Hill_2_True(ItsGoneNowmix)_OC_ReMix.mp3,Sonic_the_Hedgehog_2_ForbiddenMemory(ofaForgottenDream)_OC_ReMix.mp3
[0mGET /getMusic [36m304 [0m0.706 ms - -[0m
[0mGET /music/Legend_of_Zelda_Zelda_Heineken_OC_ReMix.mp3 [36m304 [0m0.320 ms - -[0m
[0mGET /music/1-11%20Epic%20Bananas%20(Treetop%20Tumble)%20[Sole%20Signal].mp3 [36m304 [0m0.489 ms - -[0m
[0mGET / [32m200 [0m0.862 ms - 1372[0m
[0mGET /AC_logo.png [32m200 [0m0.490 ms - 2974[0m
[0mGET /music/1-11%20Epic%20Bananas%20(Treetop%20Tumble)%20[Sole%20Signal].mp3 [36m304 [0m0.939 ms - -[0m
[0mGET /Tutorial.html [32m200 [0m0.640 ms - 1003[0m
[0mGET /stylesheets/audioChroma.css [36m304 [0m0.282 ms - -[0m
[0mGET /javascripts/TriBand.js [36m304 [0m0.207 ms - -[0m
[0mGET /javascripts/header.js [36m304 [0m0.220 ms - -[0m
[0mGET / [32m200 [0m1.390 ms - 1372[0m
[0mGET /AC_logo.png [32m200 [0m0.314 ms - 2974[0m
[0mGET /studies.html [36m304 [0m1.055 ms - -[0m
[0mGET /stylesheets/audioChroma.css [36m304 [0m0.353 ms - -[0m
[0mGET /study.js [36m304 [0m0.583 ms - -[0m
[0mGET /javascripts/header.js [36m304 [0m1.201 ms - -[0m
[0mGET /music/Legend_of_Zelda_Zelda_Heineken_OC_ReMix.mp3 [36m304 [0m0.349 ms - -[0m
Sent result: 08 Autumn Painter (Luminous Arc - Prelude) [OA, DragonAvenger].mp3,1-11 Epic Bananas (Treetop Tumble) [Sole Signal].mp3,13 - Symbol of the Ancients - AriesT - Harmony of a Hunter.mp3,Darkesword - Ancient Hero.mp3,Donkey_Kong_Country_Permutation_OC_ReMix.mp3,Final_Fantasy_6_Heaven_Awaits_OC_ReMix.mp3,Final_Fantasy_6_Magicite_Made_My_Mind_Melt_OC_ReMix.mp3,Final_Fantasy_7_Black_Wing_Metamorphosis_OC_ReMix.mp3,Final_Fantasy_AfterLife_OC_ReMix.mp3,Legend_of_Zelda_A_Link_to_the_Past_Sacred_Flute_OC_ReMix.mp3,Legend_of_Zelda_The_Wind_Waker_Her_Smile_in_Every_Summer_OC_ReMix.mp3,Legend_of_Zelda_Zelda_Heineken_OC_ReMix.mp3,Metal_Gear_Solid_2_Metal_Gear_May_Cry_(Remastered)_OC_ReMix.mp3,Reference Scales_Chromatic Scale On F Sharp.mp3,Reference Scales_On A Flat-G Sharp.mp3,Reference Scales_Pentatonic on F Sharp.mp3,Silent_Hill_2_There_Was_A_Hole_Here_OC_ReMix.mp3,Silent_Hill_2_True(ItsGoneNowmix)_OC_ReMix.mp3,Sonic_the_Hedgehog_2_ForbiddenMemory(ofaForgottenDream)_OC_ReMix.mp3
[0mGET /getMusic [36m304 [0m0.706 ms - -[0m
[0mGET / [32m200 [0m1.228 ms - 1372[0m
[0mGET /AC_logo.png [32m200 [0m0.739 ms - 2974[0m
[0mGET / [32m200 [0m0.804 ms - 1372[0m
[0mGET /AC_logo.png [32m200 [0m0.559 ms - 2974[0m
[0mGET / [32m200 [0m1.578 ms - 1372[0m
[0mGET /AC_logo.png [32m200 [0m0.522 ms - 2974[0m
[0mGET / [36m304 [0m0.551 ms - -[0m
[0mGET /stylesheets/audioChroma.css [36m304 [0m0.630 ms - -[0m
[0mGET /javascripts/header.js [36m304 [0m1.720 ms - -[0m
[0mGET /javascripts/audioChroma.js [36m304 [0m0.327 ms - -[0m
https://api.getsongbpm.com/search/?api_key=ddc0aaf5425f7f5216975a10ad511860&type=artist&lookup=green+day
[0mGET /getMusicData [31m500 [0m59.646 ms - 1352[0m
Sent result: 08 Autumn Painter (Luminous Arc - Prelude) [OA, DragonAvenger].mp3,1-11 Epic Bananas (Treetop Tumble) [Sole Signal].mp3,13 - Symbol of the Ancients - AriesT - Harmony of a Hunter.mp3,Darkesword - Ancient Hero.mp3,Donkey_Kong_Country_Permutation_OC_ReMix.mp3,Final_Fantasy_6_Heaven_Awaits_OC_ReMix.mp3,Final_Fantasy_6_Magicite_Made_My_Mind_Melt_OC_ReMix.mp3,Final_Fantasy_7_Black_Wing_Metamorphosis_OC_ReMix.mp3,Final_Fantasy_AfterLife_OC_ReMix.mp3,Legend_of_Zelda_A_Link_to_the_Past_Sacred_Flute_OC_ReMix.mp3,Legend_of_Zelda_The_Wind_Waker_Her_Smile_in_Every_Summer_OC_ReMix.mp3,Legend_of_Zelda_Zelda_Heineken_OC_ReMix.mp3,Metal_Gear_Solid_2_Metal_Gear_May_Cry_(Remastered)_OC_ReMix.mp3,Reference Scales_Chromatic Scale On F Sharp.mp3,Reference Scales_On A Flat-G Sharp.mp3,Reference Scales_Pentatonic on F Sharp.mp3,Silent_Hill_2_There_Was_A_Hole_Here_OC_ReMix.mp3,Silent_Hill_2_True(ItsGoneNowmix)_OC_ReMix.mp3,Sonic_the_Hedgehog_2_ForbiddenMemory(ofaForgottenDream)_OC_ReMix.mp3
[0mGET /getMusic [36m304 [0m1.106 ms - -[0m
[0mGET /music/Legend_of_Zelda_Zelda_Heineken_OC_ReMix.mp3 [36m304 [0m0.412 ms - -[0m
[0mGET /AC_logo.png [32m200 [0m0.581 ms - 2974[0m
[0mGET /studies.html [36m304 [0m0.365 ms - -[0m
[0mGET /stylesheets/audioChroma.css [36m304 [0m1.098 ms - -[0m
[0mGET /javascripts/header.js [36m304 [0m0.329 ms - -[0m
[0mGET /study.js [32m200 [0m0.866 ms - 4806[0m
Sent result: 08 Autumn Painter (Luminous Arc - Prelude) [OA, DragonAvenger].mp3,1-11 Epic Bananas (Treetop Tumble) [Sole Signal].mp3,13 - Symbol of the Ancients - AriesT - Harmony of a Hunter.mp3,Darkesword - Ancient Hero.mp3,Donkey_Kong_Country_Permutation_OC_ReMix.mp3,Final_Fantasy_6_Heaven_Awaits_OC_ReMix.mp3,Final_Fantasy_6_Magicite_Made_My_Mind_Melt_OC_ReMix.mp3,Final_Fantasy_7_Black_Wing_Metamorphosis_OC_ReMix.mp3,Final_Fantasy_AfterLife_OC_ReMix.mp3,Legend_of_Zelda_A_Link_to_the_Past_Sacred_Flute_OC_ReMix.mp3,Legend_of_Zelda_The_Wind_Waker_Her_Smile_in_Every_Summer_OC_ReMix.mp3,Legend_of_Zelda_Zelda_Heineken_OC_ReMix.mp3,Metal_Gear_Solid_2_Metal_Gear_May_Cry_(Remastered)_OC_ReMix.mp3,Reference Scales_Chromatic Scale On F Sharp.mp3,Reference Scales_On A Flat-G Sharp.mp3,Reference Scales_Pentatonic on F Sharp.mp3,Silent_Hill_2_There_Was_A_Hole_Here_OC_ReMix.mp3,Silent_Hill_2_True(ItsGoneNowmix)_OC_ReMix.mp3,Sonic_the_Hedgehog_2_ForbiddenMemory(ofaForgottenDream)_OC_ReMix.mp3
[0mGET /getMusic [36m304 [0m0.715 ms - -[0m
[0mGET /music/Legend_of_Zelda_Zelda_Heineken_OC_ReMix.mp3 [36m304 [0m0.388 ms - -[0m
[0mGET /stylesheets/audioChroma.css [36m304 [0m0.324 ms - -[0m
[0mGET /music/Legend_of_Zelda_Zelda_Heineken_OC_ReMix.mp3 [36m304 [0m0.370 ms - -[0m
[0mGET /studies.html [36m304 [0m0.350 ms - -[0m
[0mGET /stylesheets/audioChroma.css [36m304 [0m1.369 ms - -[0m
[0mGET /study.js [32m200 [0m0.796 ms - 4851[0m
[0mGET /javascripts/header.js [36m304 [0m0.531 ms - -[0m
Sent result: 08 Autumn Painter (Luminous Arc - Prelude) [OA, DragonAvenger].mp3,1-11 Epic Bananas (Treetop Tumble) [Sole Signal].mp3,13 - Symbol of the Ancients - AriesT - Harmony of a Hunter.mp3,Darkesword - Ancient Hero.mp3,Donkey_Kong_Country_Permutation_OC_ReMix.mp3,Final_Fantasy_6_Heaven_Awaits_OC_ReMix.mp3,Final_Fantasy_6_Magicite_Made_My_Mind_Melt_OC_ReMix.mp3,Final_Fantasy_7_Black_Wing_Metamorphosis_OC_ReMix.mp3,Final_Fantasy_AfterLife_OC_ReMix.mp3,Legend_of_Zelda_A_Link_to_the_Past_Sacred_Flute_OC_ReMix.mp3,Legend_of_Zelda_The_Wind_Waker_Her_Smile_in_Every_Summer_OC_ReMix.mp3,Legend_of_Zelda_Zelda_Heineken_OC_ReMix.mp3,Metal_Gear_Solid_2_Metal_Gear_May_Cry_(Remastered)_OC_ReMix.mp3,Reference Scales_Chromatic Scale On F Sharp.mp3,Reference Scales_On A Flat-G Sharp.mp3,Reference Scales_Pentatonic on F Sharp.mp3,Silent_Hill_2_There_Was_A_Hole_Here_OC_ReMix.mp3,Silent_Hill_2_True(ItsGoneNowmix)_OC_ReMix.mp3,Sonic_the_Hedgehog_2_ForbiddenMemory(ofaForgottenDream)_OC_ReMix.mp3
[0mGET /getMusic [36m304 [0m0.693 ms - -[0m
[0mGET /music/Legend_of_Zelda_Zelda_Heineken_OC_ReMix.mp3 [36m304 [0m0.342 ms - -[0m
[0mGET /studies.html [36m304 [0m0.319 ms - -[0m
[0mGET /stylesheets/audioChroma.css [36m304 [0m0.347 ms - -[0m
[0mGET /study.js [32m200 [0m0.616 ms - 4867[0m
[0mGET /javascripts/header.js [36m304 [0m1.542 ms - -[0m
Sent result: 08 Autumn Painter (Luminous Arc - Prelude) [OA, DragonAvenger].mp3,1-11 Epic Bananas (Treetop Tumble) [Sole Signal].mp3,13 - Symbol of the Ancients - AriesT - Harmony of a Hunter.mp3,Darkesword - Ancient Hero.mp3,Donkey_Kong_Country_Permutation_OC_ReMix.mp3,Final_Fantasy_6_Heaven_Awaits_OC_ReMix.mp3,Final_Fantasy_6_Magicite_Made_My_Mind_Melt_OC_ReMix.mp3,Final_Fantasy_7_Black_Wing_Metamorphosis_OC_ReMix.mp3,Final_Fantasy_AfterLife_OC_ReMix.mp3,Legend_of_Zelda_A_Link_to_the_Past_Sacred_Flute_OC_ReMix.mp3,Legend_of_Zelda_The_Wind_Waker_Her_Smile_in_Every_Summer_OC_ReMix.mp3,Legend_of_Zelda_Zelda_Heineken_OC_ReMix.mp3,Metal_Gear_Solid_2_Metal_Gear_May_Cry_(Remastered)_OC_ReMix.mp3,Reference Scales_Chromatic Scale On F Sharp.mp3,Reference Scales_On A Flat-G Sharp.mp3,Reference Scales_Pentatonic on F Sharp.mp3,Silent_Hill_2_There_Was_A_Hole_Here_OC_ReMix.mp3,Silent_Hill_2_True(ItsGoneNowmix)_OC_ReMix.mp3,Sonic_the_Hedgehog_2_ForbiddenMemory(ofaForgottenDream)_OC_ReMix.mp3
[0mGET /getMusic [36m304 [0m0.661 ms - -[0m
[0mGET /studies.html [36m304 [0m0.332 ms - -[0m
[0mGET /stylesheets/audioChroma.css [36m304 [0m1.825 ms - -[0m
[0mGET /study.js [32m200 [0m20.557 ms - 4874[0m
[0mGET /javascripts/header.js [36m304 [0m0.320 ms - -[0m
Sent result: 08 Autumn Painter (Luminous Arc - Prelude) [OA, DragonAvenger].mp3,1-11 Epic Bananas (Treetop Tumble) [Sole Signal].mp3,13 - Symbol of the Ancients - AriesT - Harmony of a Hunter.mp3,Darkesword - Ancient Hero.mp3,Donkey_Kong_Country_Permutation_OC_ReMix.mp3,Final_Fantasy_6_Heaven_Awaits_OC_ReMix.mp3,Final_Fantasy_6_Magicite_Made_My_Mind_Melt_OC_ReMix.mp3,Final_Fantasy_7_Black_Wing_Metamorphosis_OC_ReMix.mp3,Final_Fantasy_AfterLife_OC_ReMix.mp3,Legend_of_Zelda_A_Link_to_the_Past_Sacred_Flute_OC_ReMix.mp3,Legend_of_Zelda_The_Wind_Waker_Her_Smile_in_Every_Summer_OC_ReMix.mp3,Legend_of_Zelda_Zelda_Heineken_OC_ReMix.mp3,Metal_Gear_Solid_2_Metal_Gear_May_Cry_(Remastered)_OC_ReMix.mp3,Reference Scales_Chromatic Scale On F Sharp.mp3,Reference Scales_On A Flat-G Sharp.mp3,Reference Scales_Pentatonic on F Sharp.mp3,Silent_Hill_2_There_Was_A_Hole_Here_OC_ReMix.mp3,Silent_Hill_2_True(ItsGoneNowmix)_OC_ReMix.mp3,Sonic_the_Hedgehog_2_ForbiddenMemory(ofaForgottenDream)_OC_ReMix.mp3
[0mGET /getMusic [36m304 [0m0.735 ms - -[0m
[0mGET /music/Legend_of_Zelda_Zelda_Heineken_OC_ReMix.mp3 [36m304 [0m0.346 ms - -[0m
[0mGET /studies.html [36m304 [0m0.390 ms - -[0m
[0mGET /stylesheets/audioChroma.css [36m304 [0m1.125 ms - -[0m
[0mGET /javascripts/header.js [36m304 [0m1.105 ms - -[0m
[0mGET /study.js [32m200 [0m1.527 ms - 4847[0m
Sent result: 08 Autumn Painter (Luminous Arc - Prelude) [OA, DragonAvenger].mp3,1-11 Epic Bananas (Treetop Tumble) [Sole Signal].mp3,13 - Symbol of the Ancients - AriesT - Harmony of a Hunter.mp3,Darkesword - Ancient Hero.mp3,Donkey_Kong_Country_Permutation_OC_ReMix.mp3,Final_Fantasy_6_Heaven_Awaits_OC_ReMix.mp3,Final_Fantasy_6_Magicite_Made_My_Mind_Melt_OC_ReMix.mp3,Final_Fantasy_7_Black_Wing_Metamorphosis_OC_ReMix.mp3,Final_Fantasy_AfterLife_OC_ReMix.mp3,Legend_of_Zelda_A_Link_to_the_Past_Sacred_Flute_OC_ReMix.mp3,Legend_of_Zelda_The_Wind_Waker_Her_Smile_in_Every_Summer_OC_ReMix.mp3,Legend_of_Zelda_Zelda_Heineken_OC_ReMix.mp3,Metal_Gear_Solid_2_Metal_Gear_May_Cry_(Remastered)_OC_ReMix.mp3,Reference Scales_Chromatic Scale On F Sharp.mp3,Reference Scales_On A Flat-G Sharp.mp3,Reference Scales_Pentatonic on F Sharp.mp3,Silent_Hill_2_There_Was_A_Hole_Here_OC_ReMix.mp3,Silent_Hill_2_True(ItsGoneNowmix)_OC_ReMix.mp3,Sonic_the_Hedgehog_2_ForbiddenMemory(ofaForgottenDream)_OC_ReMix.mp3
[0mGET /getMusic [36m304 [0m0.641 ms - -[0m
[0mGET /studies.html [36m304 [0m0.342 ms - -[0m
[0mGET /stylesheets/audioChroma.css [36m304 [0m1.396 ms - -[0m
[0mGET /javascripts/header.js [36m304 [0m1.407 ms - -[0m
[0mGET /study.js [32m200 [0m1.639 ms - 4828[0m
[0mGET /music/Legend_of_Zelda_Zelda_Heineken_OC_ReMix.mp3 [36m304 [0m0.350 ms - -[0m
Sent result: 08 Autumn Painter (Luminous Arc - Prelude) [OA, DragonAvenger].mp3,1-11 Epic Bananas (Treetop Tumble) [Sole Signal].mp3,13 - Symbol of the Ancients - AriesT - Harmony of a Hunter.mp3,Darkesword - Ancient Hero.mp3,Donkey_Kong_Country_Permutation_OC_ReMix.mp3,Final_Fantasy_6_Heaven_Awaits_OC_ReMix.mp3,Final_Fantasy_6_Magicite_Made_My_Mind_Melt_OC_ReMix.mp3,Final_Fantasy_7_Black_Wing_Metamorphosis_OC_ReMix.mp3,Final_Fantasy_AfterLife_OC_ReMix.mp3,Legend_of_Zelda_A_Link_to_the_Past_Sacred_Flute_OC_ReMix.mp3,Legend_of_Zelda_The_Wind_Waker_Her_Smile_in_Every_Summer_OC_ReMix.mp3,Legend_of_Zelda_Zelda_Heineken_OC_ReMix.mp3,Metal_Gear_Solid_2_Metal_Gear_May_Cry_(Remastered)_OC_ReMix.mp3,Reference Scales_Chromatic Scale On F Sharp.mp3,Reference Scales_On A Flat-G Sharp.mp3,Reference Scales_Pentatonic on F Sharp.mp3,Silent_Hill_2_There_Was_A_Hole_Here_OC_ReMix.mp3,Silent_Hill_2_True(ItsGoneNowmix)_OC_ReMix.mp3,Sonic_the_Hedgehog_2_ForbiddenMemory(ofaForgottenDream)_OC_ReMix.mp3
[0mGET /getMusic [36m304 [0m1.133 ms - -[0m
[0mGET /music/Legend_of_Zelda_Zelda_Heineken_OC_ReMix.mp3 [36m304 [0m1.768 ms - -[0m
[0mGET /studies.html [36m304 [0m0.329 ms - -[0m
[0mGET /stylesheets/audioChroma.css [36m304 [0m0.337 ms - -[0m
[0mGET /study.js [32m200 [0m0.579 ms - 4863[0m
[0mGET /javascripts/header.js [36m304 [0m0.201 ms - -[0m
[0mGET /music/Legend_of_Zelda_Zelda_Heineken_OC_ReMix.mp3 [36m304 [0m0.345 ms - -[0m
Sent result: 08 Autumn Painter (Luminous Arc - Prelude) [OA, DragonAvenger].mp3,1-11 Epic Bananas (Treetop Tumble) [Sole Signal].mp3,13 - Symbol of the Ancients - AriesT - Harmony of a Hunter.mp3,Darkesword - Ancient Hero.mp3,Donkey_Kong_Country_Permutation_OC_ReMix.mp3,Final_Fantasy_6_Heaven_Awaits_OC_ReMix.mp3,Final_Fantasy_6_Magicite_Made_My_Mind_Melt_OC_ReMix.mp3,Final_Fantasy_7_Black_Wing_Metamorphosis_OC_ReMix.mp3,Final_Fantasy_AfterLife_OC_ReMix.mp3,Legend_of_Zelda_A_Link_to_the_Past_Sacred_Flute_OC_ReMix.mp3,Legend_of_Zelda_The_Wind_Waker_Her_Smile_in_Every_Summer_OC_ReMix.mp3,Legend_of_Zelda_Zelda_Heineken_OC_ReMix.mp3,Metal_Gear_Solid_2_Metal_Gear_May_Cry_(Remastered)_OC_ReMix.mp3,Reference Scales_Chromatic Scale On F Sharp.mp3,Reference Scales_On A Flat-G Sharp.mp3,Reference Scales_Pentatonic on F Sharp.mp3,Silent_Hill_2_There_Was_A_Hole_Here_OC_ReMix.mp3,Silent_Hill_2_True(ItsGoneNowmix)_OC_ReMix.mp3,Sonic_the_Hedgehog_2_ForbiddenMemory(ofaForgottenDream)_OC_ReMix.mp3
[0mGET /getMusic [36m304 [0m0.679 ms - -[0m
[0mGET /studies.html [36m304 [0m0.362 ms - -[0m
[0mGET /javascripts/header.js [36m304 [0m1.929 ms - -[0m
[0mGET /stylesheets/audioChroma.css [36m304 [0m0.744 ms - -[0m
[0mGET /study.js [32m200 [0m2.785 ms - 4881[0m
[0mGET /music/Legend_of_Zelda_Zelda_Heineken_OC_ReMix.mp3 [36m304 [0m0.344 ms - -[0m
Sent result: 08 Autumn Painter (Luminous Arc - Prelude) [OA, DragonAvenger].mp3,1-11 Epic Bananas (Treetop Tumble) [Sole Signal].mp3,13 - Symbol of the Ancients - AriesT - Harmony of a Hunter.mp3,Darkesword - Ancient Hero.mp3,Donkey_Kong_Country_Permutation_OC_ReMix.mp3,Final_Fantasy_6_Heaven_Awaits_OC_ReMix.mp3,Final_Fantasy_6_Magicite_Made_My_Mind_Melt_OC_ReMix.mp3,Final_Fantasy_7_Black_Wing_Metamorphosis_OC_ReMix.mp3,Final_Fantasy_AfterLife_OC_ReMix.mp3,Legend_of_Zelda_A_Link_to_the_Past_Sacred_Flute_OC_ReMix.mp3,Legend_of_Zelda_The_Wind_Waker_Her_Smile_in_Every_Summer_OC_ReMix.mp3,Legend_of_Zelda_Zelda_Heineken_OC_ReMix.mp3,Metal_Gear_Solid_2_Metal_Gear_May_Cry_(Remastered)_OC_ReMix.mp3,Reference Scales_Chromatic Scale On F Sharp.mp3,Reference Scales_On A Flat-G Sharp.mp3,Reference Scales_Pentatonic on F Sharp.mp3,Silent_Hill_2_There_Was_A_Hole_Here_OC_ReMix.mp3,Silent_Hill_2_True(ItsGoneNowmix)_OC_ReMix.mp3,Sonic_the_Hedgehog_2_ForbiddenMemory(ofaForgottenDream)_OC_ReMix.mp3
[0mGET /getMusic [36m304 [0m0.688 ms - -[0m
[0mGET /music/Legend_of_Zelda_Zelda_Heineken_OC_ReMix.mp3 [36m304 [0m0.346 ms - -[0m
[0mGET /studies.html [36m304 [0m2.714 ms - -[0m
[0mGET /stylesheets/audioChroma.css [36m304 [0m10.987 ms - -[0m
[0mGET /javascripts/header.js [36m304 [0m2.473 ms - -[0m
[0mGET /study.js [32m200 [0m13.130 ms - 4840[0m
Sent result: 08 Autumn Painter (Luminous Arc - Prelude) [OA, DragonAvenger].mp3,1-11 Epic Bananas (Treetop Tumble) [Sole Signal].mp3,13 - Symbol of the Ancients - AriesT - Harmony of a Hunter.mp3,Darkesword - Ancient Hero.mp3,Donkey_Kong_Country_Permutation_OC_ReMix.mp3,Final_Fantasy_6_Heaven_Awaits_OC_ReMix.mp3,Final_Fantasy_6_Magicite_Made_My_Mind_Melt_OC_ReMix.mp3,Final_Fantasy_7_Black_Wing_Metamorphosis_OC_ReMix.mp3,Final_Fantasy_AfterLife_OC_ReMix.mp3,Legend_of_Zelda_A_Link_to_the_Past_Sacred_Flute_OC_ReMix.mp3,Legend_of_Zelda_The_Wind_Waker_Her_Smile_in_Every_Summer_OC_ReMix.mp3,Legend_of_Zelda_Zelda_Heineken_OC_ReMix.mp3,Metal_Gear_Solid_2_Metal_Gear_May_Cry_(Remastered)_OC_ReMix.mp3,Reference Scales_Chromatic Scale On F Sharp.mp3,Reference Scales_On A Flat-G Sharp.mp3,Reference Scales_Pentatonic on F Sharp.mp3,Silent_Hill_2_There_Was_A_Hole_Here_OC_ReMix.mp3,Silent_Hill_2_True(ItsGoneNowmix)_OC_ReMix.mp3,Sonic_the_Hedgehog_2_ForbiddenMemory(ofaForgottenDream)_OC_ReMix.mp3
[0mGET /getMusic [36m304 [0m0.664 ms - -[0m
[0mGET /music/Legend_of_Zelda_Zelda_Heineken_OC_ReMix.mp3 [36m304 [0m0.382 ms - -[0m
[0mGET /studies.html [36m304 [0m0.358 ms - -[0m
[0mGET /javascripts/header.js [36m304 [0m0.662 ms - -[0m
[0mGET /stylesheets/audioChroma.css [36m304 [0m0.772 ms - -[0m
[0mGET /study.js [32m200 [0m1.502 ms - 4796[0m
Sent result: 08 Autumn Painter (Luminous Arc - Prelude) [OA, DragonAvenger].mp3,1-11 Epic Bananas (Treetop Tumble) [Sole Signal].mp3,13 - Symbol of the Ancients - AriesT - Harmony of a Hunter.mp3,Darkesword - Ancient Hero.mp3,Donkey_Kong_Country_Permutation_OC_ReMix.mp3,Final_Fantasy_6_Heaven_Awaits_OC_ReMix.mp3,Final_Fantasy_6_Magicite_Made_My_Mind_Melt_OC_ReMix.mp3,Final_Fantasy_7_Black_Wing_Metamorphosis_OC_ReMix.mp3,Final_Fantasy_AfterLife_OC_ReMix.mp3,Legend_of_Zelda_A_Link_to_the_Past_Sacred_Flute_OC_ReMix.mp3,Legend_of_Zelda_The_Wind_Waker_Her_Smile_in_Every_Summer_OC_ReMix.mp3,Legend_of_Zelda_Zelda_Heineken_OC_ReMix.mp3,Metal_Gear_Solid_2_Metal_Gear_May_Cry_(Remastered)_OC_ReMix.mp3,Reference Scales_Chromatic Scale On F Sharp.mp3,Reference Scales_On A Flat-G Sharp.mp3,Reference Scales_Pentatonic on F Sharp.mp3,Silent_Hill_2_There_Was_A_Hole_Here_OC_ReMix.mp3,Silent_Hill_2_True(ItsGoneNowmix)_OC_ReMix.mp3,Sonic_the_Hedgehog_2_ForbiddenMemory(ofaForgottenDream)_OC_ReMix.mp3
[0mGET /getMusic [36m304 [0m1.084 ms - -[0m
[0mGET /music/Legend_of_Zelda_Zelda_Heineken_OC_ReMix.mp3 [36m304 [0m0.357 ms - -[0m
[0mGET /studies.html [36m304 [0m0.395 ms - -[0m
[0mGET /stylesheets/audioChroma.css [36m304 [0m0.346 ms - -[0m
[0mGET /javascripts/header.js [36m304 [0m0.491 ms - -[0m
[0mGET /study.js [32m200 [0m1.073 ms - 4837[0m
Sent result: 08 Autumn Painter (Luminous Arc - Prelude) [OA, DragonAvenger].mp3,1-11 Epic Bananas (Treetop Tumble) [Sole Signal].mp3,13 - Symbol of the Ancients - AriesT - Harmony of a Hunter.mp3,Darkesword - Ancient Hero.mp3,Donkey_Kong_Country_Permutation_OC_ReMix.mp3,Final_Fantasy_6_Heaven_Awaits_OC_ReMix.mp3,Final_Fantasy_6_Magicite_Made_My_Mind_Melt_OC_ReMix.mp3,Final_Fantasy_7_Black_Wing_Metamorphosis_OC_ReMix.mp3,Final_Fantasy_AfterLife_OC_ReMix.mp3,Legend_of_Zelda_A_Link_to_the_Past_Sacred_Flute_OC_ReMix.mp3,Legend_of_Zelda_The_Wind_Waker_Her_Smile_in_Every_Summer_OC_ReMix.mp3,Legend_of_Zelda_Zelda_Heineken_OC_ReMix.mp3,Metal_Gear_Solid_2_Metal_Gear_May_Cry_(Remastered)_OC_ReMix.mp3,Reference Scales_Chromatic Scale On F Sharp.mp3,Reference Scales_On A Flat-G Sharp.mp3,Reference Scales_Pentatonic on F Sharp.mp3,Silent_Hill_2_There_Was_A_Hole_Here_OC_ReMix.mp3,Silent_Hill_2_True(ItsGoneNowmix)_OC_ReMix.mp3,Sonic_the_Hedgehog_2_ForbiddenMemory(ofaForgottenDream)_OC_ReMix.mp3
[0mGET /getMusic [36m304 [0m1.197 ms - -[0m
[0mGET / [36m304 [0m0.465 ms - -[0m
[0mGET /stylesheets/audioChroma.css [36m304 [0m0.583 ms - -[0m
[0mGET /javascripts/header.js [36m304 [0m0.558 ms - -[0m
[0mGET /javascripts/audioChroma.js [36m304 [0m0.197 ms - -[0m
https://api.getsongbpm.com/search/?api_key=ddc0aaf5425f7f5216975a10ad511860&type=artist&lookup=green+day
[0mGET /getMusicData [31m500 [0m1.613 ms - 1352[0m
Sent result: 08 Autumn Painter (Luminous Arc - Prelude) [OA, DragonAvenger].mp3,1-11 Epic Bananas (Treetop Tumble) [Sole Signal].mp3,13 - Symbol of the Ancients - AriesT - Harmony of a Hunter.mp3,Darkesword - Ancient Hero.mp3,Donkey_Kong_Country_Permutation_OC_ReMix.mp3,Final_Fantasy_6_Heaven_Awaits_OC_ReMix.mp3,Final_Fantasy_6_Magicite_Made_My_Mind_Melt_OC_ReMix.mp3,Final_Fantasy_7_Black_Wing_Metamorphosis_OC_ReMix.mp3,Final_Fantasy_AfterLife_OC_ReMix.mp3,Legend_of_Zelda_A_Link_to_the_Past_Sacred_Flute_OC_ReMix.mp3,Legend_of_Zelda_The_Wind_Waker_Her_Smile_in_Every_Summer_OC_ReMix.mp3,Legend_of_Zelda_Zelda_Heineken_OC_ReMix.mp3,Metal_Gear_Solid_2_Metal_Gear_May_Cry_(Remastered)_OC_ReMix.mp3,Reference Scales_Chromatic Scale On F Sharp.mp3,Reference Scales_On A Flat-G Sharp.mp3,Reference Scales_Pentatonic on F Sharp.mp3,Silent_Hill_2_There_Was_A_Hole_Here_OC_ReMix.mp3,Silent_Hill_2_True(ItsGoneNowmix)_OC_ReMix.mp3,Sonic_the_Hedgehog_2_ForbiddenMemory(ofaForgottenDream)_OC_ReMix.mp3
[0mGET /getMusic [36m304 [0m0.412 ms - -[0m
[0mGET /music/Legend_of_Zelda_Zelda_Heineken_OC_ReMix.mp3 [36m304 [0m0.355 ms - -[0m
[0mGET /studies.html [36m304 [0m0.827 ms - -[0m
[0mGET /stylesheets/audioChroma.css [36m304 [0m0.642 ms - -[0m
[0mGET /javascripts/header.js [36m304 [0m2.866 ms - -[0m
[0mGET /study.js [32m200 [0m4.070 ms - 4789[0m
Sent result: 08 Autumn Painter (Luminous Arc - Prelude) [OA, DragonAvenger].mp3,1-11 Epic Bananas (Treetop Tumble) [Sole Signal].mp3,13 - Symbol of the Ancients - AriesT - Harmony of a Hunter.mp3,Darkesword - Ancient Hero.mp3,Donkey_Kong_Country_Permutation_OC_ReMix.mp3,Final_Fantasy_6_Heaven_Awaits_OC_ReMix.mp3,Final_Fantasy_6_Magicite_Made_My_Mind_Melt_OC_ReMix.mp3,Final_Fantasy_7_Black_Wing_Metamorphosis_OC_ReMix.mp3,Final_Fantasy_AfterLife_OC_ReMix.mp3,Legend_of_Zelda_A_Link_to_the_Past_Sacred_Flute_OC_ReMix.mp3,Legend_of_Zelda_The_Wind_Waker_Her_Smile_in_Every_Summer_OC_ReMix.mp3,Legend_of_Zelda_Zelda_Heineken_OC_ReMix.mp3,Metal_Gear_Solid_2_Metal_Gear_May_Cry_(Remastered)_OC_ReMix.mp3,Reference Scales_Chromatic Scale On F Sharp.mp3,Reference Scales_On A Flat-G Sharp.mp3,Reference Scales_Pentatonic on F Sharp.mp3,Silent_Hill_2_There_Was_A_Hole_Here_OC_ReMix.mp3,Silent_Hill_2_True(ItsGoneNowmix)_OC_ReMix.mp3,Sonic_the_Hedgehog_2_ForbiddenMemory(ofaForgottenDream)_OC_ReMix.mp3
[0mGET /getMusic [36m304 [0m0.670 ms - -[0m
[0mGET /music/Legend_of_Zelda_Zelda_Heineken_OC_ReMix.mp3 [36m304 [0m0.351 ms - -[0m
[0mGET /stylesheets/audioChroma.css [36m304 [0m0.320 ms - -[0m
[0mGET /studies.html [36m304 [0m0.325 ms - -[0m
[0mGET /stylesheets/audioChroma.css [36m304 [0m0.342 ms - -[0m
[0mGET /javascripts/header.js [36m304 [0m0.224 ms - -[0m
[0mGET /study.js [32m200 [0m0.881 ms - 4791[0m
Sent result: 08 Autumn Painter (Luminous Arc - Prelude) [OA, DragonAvenger].mp3,1-11 Epic Bananas (Treetop Tumble) [Sole Signal].mp3,13 - Symbol of the Ancients - AriesT - Harmony of a Hunter.mp3,Darkesword - Ancient Hero.mp3,Donkey_Kong_Country_Permutation_OC_ReMix.mp3,Final_Fantasy_6_Heaven_Awaits_OC_ReMix.mp3,Final_Fantasy_6_Magicite_Made_My_Mind_Melt_OC_ReMix.mp3,Final_Fantasy_7_Black_Wing_Metamorphosis_OC_ReMix.mp3,Final_Fantasy_AfterLife_OC_ReMix.mp3,Legend_of_Zelda_A_Link_to_the_Past_Sacred_Flute_OC_ReMix.mp3,Legend_of_Zelda_The_Wind_Waker_Her_Smile_in_Every_Summer_OC_ReMix.mp3,Legend_of_Zelda_Zelda_Heineken_OC_ReMix.mp3,Metal_Gear_Solid_2_Metal_Gear_May_Cry_(Remastered)_OC_ReMix.mp3,Reference Scales_Chromatic Scale On F Sharp.mp3,Reference Scales_On A Flat-G Sharp.mp3,Reference Scales_Pentatonic on F Sharp.mp3,Silent_Hill_2_There_Was_A_Hole_Here_OC_ReMix.mp3,Silent_Hill_2_True(ItsGoneNowmix)_OC_ReMix.mp3,Sonic_the_Hedgehog_2_ForbiddenMemory(ofaForgottenDream)_OC_ReMix.mp3
[0mGET /getMusic [36m304 [0m0.710 ms - -[0m
[0mGET /studies.html [36m304 [0m0.316 ms - -[0m
[0mGET /stylesheets/audioChroma.css [36m304 [0m0.732 ms - -[0m
[0mGET /javascripts/header.js [36m304 [0m1.284 ms - -[0m
[0mGET /study.js [32m200 [0m1.702 ms - 4795[0m
[0mGET /AC_logo.png [32m200 [0m0.594 ms - 2974[0m
[0mGET /studies.html [36m304 [0m0.335 ms - -[0m
[0mGET /study.js [36m304 [0m0.724 ms - -[0m
[0mGET /stylesheets/audioChroma.css [36m304 [0m2.012 ms - -[0m
[0mGET /javascripts/header.js [36m304 [0m2.039 ms - -[0m
[0mGET /AC_logo.png [32m200 [0m0.579 ms - 2974[0m
[0mGET /stylesheets/audioChroma.css [36m304 [0m0.399 ms - -[0m
[0mGET /studies.html [36m304 [0m0.306 ms - -[0m
[0mGET /stylesheets/audioChroma.css [36m304 [0m1.149 ms - -[0m
[0mGET /javascripts/header.js [36m304 [0m1.268 ms - -[0m
[0mGET /study.js [32m200 [0m1.980 ms - 4769[0m
Sent result: 08 Autumn Painter (Luminous Arc - Prelude) [OA, DragonAvenger].mp3,1-11 Epic Bananas (Treetop Tumble) [Sole Signal].mp3,13 - Symbol of the Ancients - AriesT - Harmony of a Hunter.mp3,Darkesword - Ancient Hero.mp3,Donkey_Kong_Country_Permutation_OC_ReMix.mp3,Final_Fantasy_6_Heaven_Awaits_OC_ReMix.mp3,Final_Fantasy_6_Magicite_Made_My_Mind_Melt_OC_ReMix.mp3,Final_Fantasy_7_Black_Wing_Metamorphosis_OC_ReMix.mp3,Final_Fantasy_AfterLife_OC_ReMix.mp3,Legend_of_Zelda_A_Link_to_the_Past_Sacred_Flute_OC_ReMix.mp3,Legend_of_Zelda_The_Wind_Waker_Her_Smile_in_Every_Summer_OC_ReMix.mp3,Legend_of_Zelda_Zelda_Heineken_OC_ReMix.mp3,Metal_Gear_Solid_2_Metal_Gear_May_Cry_(Remastered)_OC_ReMix.mp3,Reference Scales_Chromatic Scale On F Sharp.mp3,Reference Scales_On A Flat-G Sharp.mp3,Reference Scales_Pentatonic on F Sharp.mp3,Silent_Hill_2_There_Was_A_Hole_Here_OC_ReMix.mp3,Silent_Hill_2_True(ItsGoneNowmix)_OC_ReMix.mp3,Sonic_the_Hedgehog_2_ForbiddenMemory(ofaForgottenDream)_OC_ReMix.mp3
[0mGET /getMusic [36m304 [0m0.722 ms - -[0m
[0mGET /music/Legend_of_Zelda_Zelda_Heineken_OC_ReMix.mp3 [36m304 [0m0.352 ms - -[0m
[0mGET /studies.html [36m304 [0m0.333 ms - -[0m
[0mGET /stylesheets/audioChroma.css [36m304 [0m0.633 ms - -[0m
[0mGET /javascripts/header.js [36m304 [0m0.734 ms - -[0m
[0mGET /study.js [32m200 [0m1.438 ms - 4799[0m
Sent result: 08 Autumn Painter (Luminous Arc - Prelude) [OA, DragonAvenger].mp3,1-11 Epic Bananas (Treetop Tumble) [Sole Signal].mp3,13 - Symbol of the Ancients - AriesT - Harmony of a Hunter.mp3,Darkesword - Ancient Hero.mp3,Donkey_Kong_Country_Permutation_OC_ReMix.mp3,Final_Fantasy_6_Heaven_Awaits_OC_ReMix.mp3,Final_Fantasy_6_Magicite_Made_My_Mind_Melt_OC_ReMix.mp3,Final_Fantasy_7_Black_Wing_Metamorphosis_OC_ReMix.mp3,Final_Fantasy_AfterLife_OC_ReMix.mp3,Legend_of_Zelda_A_Link_to_the_Past_Sacred_Flute_OC_ReMix.mp3,Legend_of_Zelda_The_Wind_Waker_Her_Smile_in_Every_Summer_OC_ReMix.mp3,Legend_of_Zelda_Zelda_Heineken_OC_ReMix.mp3,Metal_Gear_Solid_2_Metal_Gear_May_Cry_(Remastered)_OC_ReMix.mp3,Reference Scales_Chromatic Scale On F Sharp.mp3,Reference Scales_On A Flat-G Sharp.mp3,Reference Scales_Pentatonic on F Sharp.mp3,Silent_Hill_2_There_Was_A_Hole_Here_OC_ReMix.mp3,Silent_Hill_2_True(ItsGoneNowmix)_OC_ReMix.mp3,Sonic_the_Hedgehog_2_ForbiddenMemory(ofaForgottenDream)_OC_ReMix.mp3
[0mGET /getMusic [36m304 [0m0.674 ms - -[0m
[0mGET /music/Legend_of_Zelda_Zelda_Heineken_OC_ReMix.mp3 [36m304 [0m0.350 ms - -[0m
[0mGET /studies.html [36m304 [0m0.763 ms - -[0m
[0mGET /MonoChroma.html [32m200 [0m1.398 ms - 1389[0m
[0mGET /stylesheets/audioChroma.css [36m304 [0m0.354 ms - -[0m
[0mGET /javascripts/header.js [36m304 [0m0.203 ms - -[0m
[0mGET /javascripts/MonoChroma.js [36m304 [0m0.372 ms - -[0m
[0mGET /logo_bpm.png [36m304 [0m0.247 ms - -[0m
Sent result: 08 Autumn Painter (Luminous Arc - Prelude) [OA, DragonAvenger].mp3,1-11 Epic Bananas (Treetop Tumble) [Sole Signal].mp3,13 - Symbol of the Ancients - AriesT - Harmony of a Hunter.mp3,Darkesword - Ancient Hero.mp3,Donkey_Kong_Country_Permutation_OC_ReMix.mp3,Final_Fantasy_6_Heaven_Awaits_OC_ReMix.mp3,Final_Fantasy_6_Magicite_Made_My_Mind_Melt_OC_ReMix.mp3,Final_Fantasy_7_Black_Wing_Metamorphosis_OC_ReMix.mp3,Final_Fantasy_AfterLife_OC_ReMix.mp3,Legend_of_Zelda_A_Link_to_the_Past_Sacred_Flute_OC_ReMix.mp3,Legend_of_Zelda_The_Wind_Waker_Her_Smile_in_Every_Summer_OC_ReMix.mp3,Legend_of_Zelda_Zelda_Heineken_OC_ReMix.mp3,Metal_Gear_Solid_2_Metal_Gear_May_Cry_(Remastered)_OC_ReMix.mp3,Reference Scales_Chromatic Scale On F Sharp.mp3,Reference Scales_On A Flat-G Sharp.mp3,Reference Scales_Pentatonic on F Sharp.mp3,Silent_Hill_2_There_Was_A_Hole_Here_OC_ReMix.mp3,Silent_Hill_2_True(ItsGoneNowmix)_OC_ReMix.mp3,Sonic_the_Hedgehog_2_ForbiddenMemory(ofaForgottenDream)_OC_ReMix.mp3
[0mGET /getMusic [36m304 [0m0.714 ms - -[0m
[0mGET /studies.html [32m200 [0m3.030 ms - 1587[0m
[0mGET /stylesheets/audioChroma.css [36m304 [0m1.500 ms - -[0m
[0mGET /study.js [32m200 [0m0.814 ms - 4851[0m
[0mGET /javascripts/header.js [36m304 [0m0.301 ms - -[0m
Sent result: 08 Autumn Painter (Luminous Arc - Prelude) [OA, DragonAvenger].mp3,1-11 Epic Bananas (Treetop Tumble) [Sole Signal].mp3,13 - Symbol of the Ancients - AriesT - Harmony of a Hunter.mp3,Darkesword - Ancient Hero.mp3,Donkey_Kong_Country_Permutation_OC_ReMix.mp3,Final_Fantasy_6_Heaven_Awaits_OC_ReMix.mp3,Final_Fantasy_6_Magicite_Made_My_Mind_Melt_OC_ReMix.mp3,Final_Fantasy_7_Black_Wing_Metamorphosis_OC_ReMix.mp3,Final_Fantasy_AfterLife_OC_ReMix.mp3,Legend_of_Zelda_A_Link_to_the_Past_Sacred_Flute_OC_ReMix.mp3,Legend_of_Zelda_The_Wind_Waker_Her_Smile_in_Every_Summer_OC_ReMix.mp3,Legend_of_Zelda_Zelda_Heineken_OC_ReMix.mp3,Metal_Gear_Solid_2_Metal_Gear_May_Cry_(Remastered)_OC_ReMix.mp3,Reference Scales_Chromatic Scale On F Sharp.mp3,Reference Scales_On A Flat-G Sharp.mp3,Reference Scales_Pentatonic on F Sharp.mp3,Silent_Hill_2_There_Was_A_Hole_Here_OC_ReMix.mp3,Silent_Hill_2_True(ItsGoneNowmix)_OC_ReMix.mp3,Sonic_the_Hedgehog_2_ForbiddenMemory(ofaForgottenDream)_OC_ReMix.mp3
[0mGET /getMusic [36m304 [0m0.698 ms - -[0m
[0mGET /studies.html [36m304 [0m0.346 ms - -[0m
[0mGET /stylesheets/audioChroma.css [36m304 [0m1.067 ms - -[0m
[0mGET /javascripts/header.js [36m304 [0m1.188 ms - -[0m
[0mGET /study.js [32m200 [0m1.945 ms - 4883[0m
Sent result: 08 Autumn Painter (Luminous Arc - Prelude) [OA, DragonAvenger].mp3,1-11 Epic Bananas (Treetop Tumble) [Sole Signal].mp3,13 - Symbol of the Ancients - AriesT - Harmony of a Hunter.mp3,Darkesword - Ancient Hero.mp3,Donkey_Kong_Country_Permutation_OC_ReMix.mp3,Final_Fantasy_6_Heaven_Awaits_OC_ReMix.mp3,Final_Fantasy_6_Magicite_Made_My_Mind_Melt_OC_ReMix.mp3,Final_Fantasy_7_Black_Wing_Metamorphosis_OC_ReMix.mp3,Final_Fantasy_AfterLife_OC_ReMix.mp3,Legend_of_Zelda_A_Link_to_the_Past_Sacred_Flute_OC_ReMix.mp3,Legend_of_Zelda_The_Wind_Waker_Her_Smile_in_Every_Summer_OC_ReMix.mp3,Legend_of_Zelda_Zelda_Heineken_OC_ReMix.mp3,Metal_Gear_Solid_2_Metal_Gear_May_Cry_(Remastered)_OC_ReMix.mp3,Reference Scales_Chromatic Scale On F Sharp.mp3,Reference Scales_On A Flat-G Sharp.mp3,Reference Scales_Pentatonic on F Sharp.mp3,Silent_Hill_2_There_Was_A_Hole_Here_OC_ReMix.mp3,Silent_Hill_2_True(ItsGoneNowmix)_OC_ReMix.mp3,Sonic_the_Hedgehog_2_ForbiddenMemory(ofaForgottenDream)_OC_ReMix.mp3
[0mGET /getMusic [36m304 [0m0.677 ms - -[0m
[0mGET /AC_logo.png [32m200 [0m0.550 ms - 2974[0m
[0mGET /stylesheets/audioChroma.css [36m304 [0m1.823 ms - -[0m
[0mGET /studies.html [36m304 [0m0.319 ms - -[0m
[0mGET /stylesheets/audioChroma.css [36m304 [0m0.748 ms - -[0m
[0mGET /study.js [36m304 [0m0.767 ms - -[0m
[0mGET /javascripts/header.js [36m304 [0m0.778 ms - -[0m
Sent result: 08 Autumn Painter (Luminous Arc - Prelude) [OA, DragonAvenger].mp3,1-11 Epic Bananas (Treetop Tumble) [Sole Signal].mp3,13 - Symbol of the Ancients - AriesT - Harmony of a Hunter.mp3,Darkesword - Ancient Hero.mp3,Donkey_Kong_Country_Permutation_OC_ReMix.mp3,Final_Fantasy_6_Heaven_Awaits_OC_ReMix.mp3,Final_Fantasy_6_Magicite_Made_My_Mind_Melt_OC_ReMix.mp3,Final_Fantasy_7_Black_Wing_Metamorphosis_OC_ReMix.mp3,Final_Fantasy_AfterLife_OC_ReMix.mp3,Legend_of_Zelda_A_Link_to_the_Past_Sacred_Flute_OC_ReMix.mp3,Legend_of_Zelda_The_Wind_Waker_Her_Smile_in_Every_Summer_OC_ReMix.mp3,Legend_of_Zelda_Zelda_Heineken_OC_ReMix.mp3,Metal_Gear_Solid_2_Metal_Gear_May_Cry_(Remastered)_OC_ReMix.mp3,Reference Scales_Chromatic Scale On F Sharp.mp3,Reference Scales_On A Flat-G Sharp.mp3,Reference Scales_Pentatonic on F Sharp.mp3,Silent_Hill_2_There_Was_A_Hole_Here_OC_ReMix.mp3,Silent_Hill_2_True(ItsGoneNowmix)_OC_ReMix.mp3,Sonic_the_Hedgehog_2_ForbiddenMemory(ofaForgottenDream)_OC_ReMix.mp3
[0mGET /getMusic [36m304 [0m0.719 ms - -[0m
[0mGET /studies.html [36m304 [0m0.309 ms - -[0m
[0mGET /javascripts/header.js [36m304 [0m1.511 ms - -[0m
[0mGET /stylesheets/audioChroma.css [36m304 [0m1.578 ms - -[0m
[0mGET /study.js [32m200 [0m1.993 ms - 4849[0m
Sent result: 08 Autumn Painter (Luminous Arc - Prelude) [OA, DragonAvenger].mp3,1-11 Epic Bananas (Treetop Tumble) [Sole Signal].mp3,13 - Symbol of the Ancients - AriesT - Harmony of a Hunter.mp3,Darkesword - Ancient Hero.mp3,Donkey_Kong_Country_Permutation_OC_ReMix.mp3,Final_Fantasy_6_Heaven_Awaits_OC_ReMix.mp3,Final_Fantasy_6_Magicite_Made_My_Mind_Melt_OC_ReMix.mp3,Final_Fantasy_7_Black_Wing_Metamorphosis_OC_ReMix.mp3,Final_Fantasy_AfterLife_OC_ReMix.mp3,Legend_of_Zelda_A_Link_to_the_Past_Sacred_Flute_OC_ReMix.mp3,Legend_of_Zelda_The_Wind_Waker_Her_Smile_in_Every_Summer_OC_ReMix.mp3,Legend_of_Zelda_Zelda_Heineken_OC_ReMix.mp3,Metal_Gear_Solid_2_Metal_Gear_May_Cry_(Remastered)_OC_ReMix.mp3,Reference Scales_Chromatic Scale On F Sharp.mp3,Reference Scales_On A Flat-G Sharp.mp3,Reference Scales_Pentatonic on F Sharp.mp3,Silent_Hill_2_There_Was_A_Hole_Here_OC_ReMix.mp3,Silent_Hill_2_True(ItsGoneNowmix)_OC_ReMix.mp3,Sonic_the_Hedgehog_2_ForbiddenMemory(ofaForgottenDream)_OC_ReMix.mp3
[0mGET /getMusic [36m304 [0m0.696 ms - -[0m
[0mGET /studies.html [36m304 [0m0.325 ms - -[0m
[0mGET /javascripts/header.js [36m304 [0m0.722 ms - -[0m
[0mGET /stylesheets/audioChroma.css [36m304 [0m0.726 ms - -[0m
[0mGET /study.js [36m304 [0m0.755 ms - -[0m
Sent result: 08 Autumn Painter (Luminous Arc - Prelude) [OA, DragonAvenger].mp3,1-11 Epic Bananas (Treetop Tumble) [Sole Signal].mp3,13 - Symbol of the Ancients - AriesT - Harmony of a Hunter.mp3,Darkesword - Ancient Hero.mp3,Donkey_Kong_Country_Permutation_OC_ReMix.mp3,Final_Fantasy_6_Heaven_Awaits_OC_ReMix.mp3,Final_Fantasy_6_Magicite_Made_My_Mind_Melt_OC_ReMix.mp3,Final_Fantasy_7_Black_Wing_Metamorphosis_OC_ReMix.mp3,Final_Fantasy_AfterLife_OC_ReMix.mp3,Legend_of_Zelda_A_Link_to_the_Past_Sacred_Flute_OC_ReMix.mp3,Legend_of_Zelda_The_Wind_Waker_Her_Smile_in_Every_Summer_OC_ReMix.mp3,Legend_of_Zelda_Zelda_Heineken_OC_ReMix.mp3,Metal_Gear_Solid_2_Metal_Gear_May_Cry_(Remastered)_OC_ReMix.mp3,Reference Scales_Chromatic Scale On F Sharp.mp3,Reference Scales_On A Flat-G Sharp.mp3,Reference Scales_Pentatonic on F Sharp.mp3,Silent_Hill_2_There_Was_A_Hole_Here_OC_ReMix.mp3,Silent_Hill_2_True(ItsGoneNowmix)_OC_ReMix.mp3,Sonic_the_Hedgehog_2_ForbiddenMemory(ofaForgottenDream)_OC_ReMix.mp3
[0mGET /getMusic [36m304 [0m0.714 ms - -[0m
[0mGET /music/Legend_of_Zelda_Zelda_Heineken_OC_ReMix.mp3 [36m304 [0m0.370 ms - -[0m
[0mGET /studies.html [36m304 [0m0.344 ms - -[0m
[0mGET /javascripts/header.js [36m304 [0m0.711 ms - -[0m
[0mGET /stylesheets/audioChroma.css [36m304 [0m0.745 ms - -[0m
[0mGET /study.js [32m200 [0m1.149 ms - 4851[0m
Sent result: 08 Autumn Painter (Luminous Arc - Prelude) [OA, DragonAvenger].mp3,1-11 Epic Bananas (Treetop Tumble) [Sole Signal].mp3,13 - Symbol of the Ancients - AriesT - Harmony of a Hunter.mp3,Darkesword - Ancient Hero.mp3,Donkey_Kong_Country_Permutation_OC_ReMix.mp3,Final_Fantasy_6_Heaven_Awaits_OC_ReMix.mp3,Final_Fantasy_6_Magicite_Made_My_Mind_Melt_OC_ReMix.mp3,Final_Fantasy_7_Black_Wing_Metamorphosis_OC_ReMix.mp3,Final_Fantasy_AfterLife_OC_ReMix.mp3,Legend_of_Zelda_A_Link_to_the_Past_Sacred_Flute_OC_ReMix.mp3,Legend_of_Zelda_The_Wind_Waker_Her_Smile_in_Every_Summer_OC_ReMix.mp3,Legend_of_Zelda_Zelda_Heineken_OC_ReMix.mp3,Metal_Gear_Solid_2_Metal_Gear_May_Cry_(Remastered)_OC_ReMix.mp3,Reference Scales_Chromatic Scale On F Sharp.mp3,Reference Scales_On A Flat-G Sharp.mp3,Reference Scales_Pentatonic on F Sharp.mp3,Silent_Hill_2_There_Was_A_Hole_Here_OC_ReMix.mp3,Silent_Hill_2_True(ItsGoneNowmix)_OC_ReMix.mp3,Sonic_the_Hedgehog_2_ForbiddenMemory(ofaForgottenDream)_OC_ReMix.mp3
[0mGET /getMusic [36m304 [0m0.652 ms - -[0m
[0mGET /studies.html [36m304 [0m0.295 ms - -[0m
[0mGET /stylesheets/audioChroma.css [36m304 [0m0.352 ms - -[0m
[0mGET /javascripts/header.js [36m304 [0m0.475 ms - -[0m
[0mGET /study.js [32m200 [0m0.712 ms - 4930[0m
[0mGET /music/Legend_of_Zelda_Zelda_Heineken_OC_ReMix.mp3 [36m304 [0m0.335 ms - -[0m
[0mGET /studies.html [36m304 [0m0.310 ms - -[0m
[0mGET /stylesheets/audioChroma.css [36m304 [0m4.294 ms - -[0m
[0mGET /javascripts/header.js [36m304 [0m0.711 ms - -[0m
[0mGET /study.js [32m200 [0m0.901 ms - 4911[0m
[0mGET /music/Legend_of_Zelda_Zelda_Heineken_OC_ReMix.mp3 [36m304 [0m0.343 ms - -[0m
Sent result: 08 Autumn Painter (Luminous Arc - Prelude) [OA, DragonAvenger].mp3,1-11 Epic Bananas (Treetop Tumble) [Sole Signal].mp3,13 - Symbol of the Ancients - AriesT - Harmony of a Hunter.mp3,Darkesword - Ancient Hero.mp3,Donkey_Kong_Country_Permutation_OC_ReMix.mp3,Final_Fantasy_6_Heaven_Awaits_OC_ReMix.mp3,Final_Fantasy_6_Magicite_Made_My_Mind_Melt_OC_ReMix.mp3,Final_Fantasy_7_Black_Wing_Metamorphosis_OC_ReMix.mp3,Final_Fantasy_AfterLife_OC_ReMix.mp3,Legend_of_Zelda_A_Link_to_the_Past_Sacred_Flute_OC_ReMix.mp3,Legend_of_Zelda_The_Wind_Waker_Her_Smile_in_Every_Summer_OC_ReMix.mp3,Legend_of_Zelda_Zelda_Heineken_OC_ReMix.mp3,Metal_Gear_Solid_2_Metal_Gear_May_Cry_(Remastered)_OC_ReMix.mp3,Reference Scales_Chromatic Scale On F Sharp.mp3,Reference Scales_On A Flat-G Sharp.mp3,Reference Scales_Pentatonic on F Sharp.mp3,Silent_Hill_2_There_Was_A_Hole_Here_OC_ReMix.mp3,Silent_Hill_2_True(ItsGoneNowmix)_OC_ReMix.mp3,Sonic_the_Hedgehog_2_ForbiddenMemory(ofaForgottenDream)_OC_ReMix.mp3
[0mGET /getMusic [36m304 [0m0.648 ms - -[0m
[0mGET /music/Legend_of_Zelda_Zelda_Heineken_OC_ReMix.mp3 [36m304 [0m0.354 ms - -[0m
[0mGET /studies.html [36m304 [0m0.347 ms - -[0m
[0mGET /javascripts/header.js [36m304 [0m0.687 ms - -[0m
[0mGET /stylesheets/audioChroma.css [36m304 [0m0.789 ms - -[0m
[0mGET /study.js [32m200 [0m1.558 ms - 4916[0m
Sent result: 08 Autumn Painter (Luminous Arc - Prelude) [OA, DragonAvenger].mp3,1-11 Epic Bananas (Treetop Tumble) [Sole Signal].mp3,13 - Symbol of the Ancients - AriesT - Harmony of a Hunter.mp3,Darkesword - Ancient Hero.mp3,Donkey_Kong_Country_Permutation_OC_ReMix.mp3,Final_Fantasy_6_Heaven_Awaits_OC_ReMix.mp3,Final_Fantasy_6_Magicite_Made_My_Mind_Melt_OC_ReMix.mp3,Final_Fantasy_7_Black_Wing_Metamorphosis_OC_ReMix.mp3,Final_Fantasy_AfterLife_OC_ReMix.mp3,Legend_of_Zelda_A_Link_to_the_Past_Sacred_Flute_OC_ReMix.mp3,Legend_of_Zelda_The_Wind_Waker_Her_Smile_in_Every_Summer_OC_ReMix.mp3,Legend_of_Zelda_Zelda_Heineken_OC_ReMix.mp3,Metal_Gear_Solid_2_Metal_Gear_May_Cry_(Remastered)_OC_ReMix.mp3,Reference Scales_Chromatic Scale On F Sharp.mp3,Reference Scales_On A Flat-G Sharp.mp3,Reference Scales_Pentatonic on F Sharp.mp3,Silent_Hill_2_There_Was_A_Hole_Here_OC_ReMix.mp3,Silent_Hill_2_True(ItsGoneNowmix)_OC_ReMix.mp3,Sonic_the_Hedgehog_2_ForbiddenMemory(ofaForgottenDream)_OC_ReMix.mp3
[0mGET /getMusic [36m304 [0m0.733 ms - -[0m
[0mGET /studies.html [36m304 [0m0.326 ms - -[0m
[0mGET /stylesheets/audioChroma.css [36m304 [0m0.715 ms - -[0m
[0mGET /javascripts/header.js [36m304 [0m0.749 ms - -[0m
[0mGET /study.js [32m200 [0m1.145 ms - 4919[0m
Sent result: 08 Autumn Painter (Luminous Arc - Prelude) [OA, DragonAvenger].mp3,1-11 Epic Bananas (Treetop Tumble) [Sole Signal].mp3,13 - Symbol of the Ancients - AriesT - Harmony of a Hunter.mp3,Darkesword - Ancient Hero.mp3,Donkey_Kong_Country_Permutation_OC_ReMix.mp3,Final_Fantasy_6_Heaven_Awaits_OC_ReMix.mp3,Final_Fantasy_6_Magicite_Made_My_Mind_Melt_OC_ReMix.mp3,Final_Fantasy_7_Black_Wing_Metamorphosis_OC_ReMix.mp3,Final_Fantasy_AfterLife_OC_ReMix.mp3,Legend_of_Zelda_A_Link_to_the_Past_Sacred_Flute_OC_ReMix.mp3,Legend_of_Zelda_The_Wind_Waker_Her_Smile_in_Every_Summer_OC_ReMix.mp3,Legend_of_Zelda_Zelda_Heineken_OC_ReMix.mp3,Metal_Gear_Solid_2_Metal_Gear_May_Cry_(Remastered)_OC_ReMix.mp3,Reference Scales_Chromatic Scale On F Sharp.mp3,Reference Scales_On A Flat-G Sharp.mp3,Reference Scales_Pentatonic on F Sharp.mp3,Silent_Hill_2_There_Was_A_Hole_Here_OC_ReMix.mp3,Silent_Hill_2_True(ItsGoneNowmix)_OC_ReMix.mp3,Sonic_the_Hedgehog_2_ForbiddenMemory(ofaForgottenDream)_OC_ReMix.mp3
[0mGET /getMusic [36m304 [0m1.926 ms - -[0m
[0mGET /music/Legend_of_Zelda_Zelda_Heineken_OC_ReMix.mp3 [36m304 [0m0.334 ms - -[0m
[0mGET /studies.html [36m304 [0m0.330 ms - -[0m
[0mGET /javascripts/header.js [36m304 [0m1.150 ms - -[0m
[0mGET /stylesheets/audioChroma.css [36m304 [0m1.150 ms - -[0m
[0mGET /study.js [32m200 [0m1.566 ms - 4983[0m
Sent result: 08 Autumn Painter (Luminous Arc - Prelude) [OA, DragonAvenger].mp3,1-11 Epic Bananas (Treetop Tumble) [Sole Signal].mp3,13 - Symbol of the Ancients - AriesT - Harmony of a Hunter.mp3,Darkesword - Ancient Hero.mp3,Donkey_Kong_Country_Permutation_OC_ReMix.mp3,Final_Fantasy_6_Heaven_Awaits_OC_ReMix.mp3,Final_Fantasy_6_Magicite_Made_My_Mind_Melt_OC_ReMix.mp3,Final_Fantasy_7_Black_Wing_Metamorphosis_OC_ReMix.mp3,Final_Fantasy_AfterLife_OC_ReMix.mp3,Legend_of_Zelda_A_Link_to_the_Past_Sacred_Flute_OC_ReMix.mp3,Legend_of_Zelda_The_Wind_Waker_Her_Smile_in_Every_Summer_OC_ReMix.mp3,Legend_of_Zelda_Zelda_Heineken_OC_ReMix.mp3,Metal_Gear_Solid_2_Metal_Gear_May_Cry_(Remastered)_OC_ReMix.mp3,Reference Scales_Chromatic Scale On F Sharp.mp3,Reference Scales_On A Flat-G Sharp.mp3,Reference Scales_Pentatonic on F Sharp.mp3,Silent_Hill_2_There_Was_A_Hole_Here_OC_ReMix.mp3,Silent_Hill_2_True(ItsGoneNowmix)_OC_ReMix.mp3,Sonic_the_Hedgehog_2_ForbiddenMemory(ofaForgottenDream)_OC_ReMix.mp3
[0mGET /getMusic [36m304 [0m0.712 ms - -[0m
[0mGET /music/Legend_of_Zelda_Zelda_Heineken_OC_ReMix.mp3 [36m304 [0m0.322 ms - -[0m
[0mGET /studies.html [36m304 [0m0.317 ms - -[0m
[0mGET /stylesheets/audioChroma.css [36m304 [0m0.341 ms - -[0m
[0mGET /study.js [32m200 [0m0.550 ms - 4991[0m
[0mGET /javascripts/header.js [36m304 [0m0.195 ms - -[0m
[0mGET /studies.html [36m304 [0m0.336 ms - -[0m
[0mGET /stylesheets/audioChroma.css [36m304 [0m0.470 ms - -[0m
[0mGET /study.js [32m200 [0m1.105 ms - 4992[0m
[0mGET /javascripts/header.js [36m304 [0m0.355 ms - -[0m
Sent result: 08 Autumn Painter (Luminous Arc - Prelude) [OA, DragonAvenger].mp3,1-11 Epic Bananas (Treetop Tumble) [Sole Signal].mp3,13 - Symbol of the Ancients - AriesT - Harmony of a Hunter.mp3,Darkesword - Ancient Hero.mp3,Donkey_Kong_Country_Permutation_OC_ReMix.mp3,Final_Fantasy_6_Heaven_Awaits_OC_ReMix.mp3,Final_Fantasy_6_Magicite_Made_My_Mind_Melt_OC_ReMix.mp3,Final_Fantasy_7_Black_Wing_Metamorphosis_OC_ReMix.mp3,Final_Fantasy_AfterLife_OC_ReMix.mp3,Legend_of_Zelda_A_Link_to_the_Past_Sacred_Flute_OC_ReMix.mp3,Legend_of_Zelda_The_Wind_Waker_Her_Smile_in_Every_Summer_OC_ReMix.mp3,Legend_of_Zelda_Zelda_Heineken_OC_ReMix.mp3,Metal_Gear_Solid_2_Metal_Gear_May_Cry_(Remastered)_OC_ReMix.mp3,Reference Scales_Chromatic Scale On F Sharp.mp3,Reference Scales_On A Flat-G Sharp.mp3,Reference Scales_Pentatonic on F Sharp.mp3,Silent_Hill_2_There_Was_A_Hole_Here_OC_ReMix.mp3,Silent_Hill_2_True(ItsGoneNowmix)_OC_ReMix.mp3,Sonic_the_Hedgehog_2_ForbiddenMemory(ofaForgottenDream)_OC_ReMix.mp3
[0mGET /getMusic [36m304 [0m3.533 ms - -[0m
[0mGET /studies.html [36m304 [0m0.325 ms - -[0m
[0mGET /stylesheets/audioChroma.css [36m304 [0m0.642 ms - -[0m
[0mGET /javascripts/header.js [36m304 [0m0.783 ms - -[0m
[0mGET /study.js [32m200 [0m1.501 ms - 4929[0m
Sent result: 08 Autumn Painter (Luminous Arc - Prelude) [OA, DragonAvenger].mp3,1-11 Epic Bananas (Treetop Tumble) [Sole Signal].mp3,13 - Symbol of the Ancients - AriesT - Harmony of a Hunter.mp3,Darkesword - Ancient Hero.mp3,Donkey_Kong_Country_Permutation_OC_ReMix.mp3,Final_Fantasy_6_Heaven_Awaits_OC_ReMix.mp3,Final_Fantasy_6_Magicite_Made_My_Mind_Melt_OC_ReMix.mp3,Final_Fantasy_7_Black_Wing_Metamorphosis_OC_ReMix.mp3,Final_Fantasy_AfterLife_OC_ReMix.mp3,Legend_of_Zelda_A_Link_to_the_Past_Sacred_Flute_OC_ReMix.mp3,Legend_of_Zelda_The_Wind_Waker_Her_Smile_in_Every_Summer_OC_ReMix.mp3,Legend_of_Zelda_Zelda_Heineken_OC_ReMix.mp3,Metal_Gear_Solid_2_Metal_Gear_May_Cry_(Remastered)_OC_ReMix.mp3,Reference Scales_Chromatic Scale On F Sharp.mp3,Reference Scales_On A Flat-G Sharp.mp3,Reference Scales_Pentatonic on F Sharp.mp3,Silent_Hill_2_There_Was_A_Hole_Here_OC_ReMix.mp3,Silent_Hill_2_True(ItsGoneNowmix)_OC_ReMix.mp3,Sonic_the_Hedgehog_2_ForbiddenMemory(ofaForgottenDream)_OC_ReMix.mp3
[0mGET /getMusic [36m304 [0m0.642 ms - -[0m
[0mGET /studies.html [36m304 [0m0.313 ms - -[0m
[0mGET /stylesheets/audioChroma.css [36m304 [0m0.741 ms - -[0m
[0mGET /javascripts/header.js [36m304 [0m0.737 ms - -[0m
[0mGET /study.js [32m200 [0m0.948 ms - 4925[0m
Sent result: 08 Autumn Painter (Luminous Arc - Prelude) [OA, DragonAvenger].mp3,1-11 Epic Bananas (Treetop Tumble) [Sole Signal].mp3,13 - Symbol of the Ancients - AriesT - Harmony of a Hunter.mp3,Darkesword - Ancient Hero.mp3,Donkey_Kong_Country_Permutation_OC_ReMix.mp3,Final_Fantasy_6_Heaven_Awaits_OC_ReMix.mp3,Final_Fantasy_6_Magicite_Made_My_Mind_Melt_OC_ReMix.mp3,Final_Fantasy_7_Black_Wing_Metamorphosis_OC_ReMix.mp3,Final_Fantasy_AfterLife_OC_ReMix.mp3,Legend_of_Zelda_A_Link_to_the_Past_Sacred_Flute_OC_ReMix.mp3,Legend_of_Zelda_The_Wind_Waker_Her_Smile_in_Every_Summer_OC_ReMix.mp3,Legend_of_Zelda_Zelda_Heineken_OC_ReMix.mp3,Metal_Gear_Solid_2_Metal_Gear_May_Cry_(Remastered)_OC_ReMix.mp3,Reference Scales_Chromatic Scale On F Sharp.mp3,Reference Scales_On A Flat-G Sharp.mp3,Reference Scales_Pentatonic on F Sharp.mp3,Silent_Hill_2_There_Was_A_Hole_Here_OC_ReMix.mp3,Silent_Hill_2_True(ItsGoneNowmix)_OC_ReMix.mp3,Sonic_the_Hedgehog_2_ForbiddenMemory(ofaForgottenDream)_OC_ReMix.mp3
[0mGET /getMusic [36m304 [0m0.701 ms - -[0m
[0mGET /studies.html [36m304 [0m0.349 ms - -[0m
[0mGET /javascripts/header.js [36m304 [0m1.072 ms - -[0m
[0mGET /stylesheets/audioChroma.css [36m304 [0m3.073 ms - -[0m
[0mGET /study.js [32m200 [0m4.163 ms - 4925[0m
Sent result: 08 Autumn Painter (Luminous Arc - Prelude) [OA, DragonAvenger].mp3,1-11 Epic Bananas (Treetop Tumble) [Sole Signal].mp3,13 - Symbol of the Ancients - AriesT - Harmony of a Hunter.mp3,Darkesword - Ancient Hero.mp3,Donkey_Kong_Country_Permutation_OC_ReMix.mp3,Final_Fantasy_6_Heaven_Awaits_OC_ReMix.mp3,Final_Fantasy_6_Magicite_Made_My_Mind_Melt_OC_ReMix.mp3,Final_Fantasy_7_Black_Wing_Metamorphosis_OC_ReMix.mp3,Final_Fantasy_AfterLife_OC_ReMix.mp3,Legend_of_Zelda_A_Link_to_the_Past_Sacred_Flute_OC_ReMix.mp3,Legend_of_Zelda_The_Wind_Waker_Her_Smile_in_Every_Summer_OC_ReMix.mp3,Legend_of_Zelda_Zelda_Heineken_OC_ReMix.mp3,Metal_Gear_Solid_2_Metal_Gear_May_Cry_(Remastered)_OC_ReMix.mp3,Reference Scales_Chromatic Scale On F Sharp.mp3,Reference Scales_On A Flat-G Sharp.mp3,Reference Scales_Pentatonic on F Sharp.mp3,Silent_Hill_2_There_Was_A_Hole_Here_OC_ReMix.mp3,Silent_Hill_2_True(ItsGoneNowmix)_OC_ReMix.mp3,Sonic_the_Hedgehog_2_ForbiddenMemory(ofaForgottenDream)_OC_ReMix.mp3
[0mGET /getMusic [36m304 [0m2.140 ms - -[0m
[0mGET /studies.html [36m304 [0m0.351 ms - -[0m
[0mGET /stylesheets/audioChroma.css [36m304 [0m0.367 ms - -[0m
[0mGET /study.js [32m200 [0m0.521 ms - 4931[0m
[0mGET /javascripts/header.js [36m304 [0m0.200 ms - -[0m
Sent result: 08 Autumn Painter (Luminous Arc - Prelude) [OA, DragonAvenger].mp3,1-11 Epic Bananas (Treetop Tumble) [Sole Signal].mp3,13 - Symbol of the Ancients - AriesT - Harmony of a Hunter.mp3,Darkesword - Ancient Hero.mp3,Donkey_Kong_Country_Permutation_OC_ReMix.mp3,Final_Fantasy_6_Heaven_Awaits_OC_ReMix.mp3,Final_Fantasy_6_Magicite_Made_My_Mind_Melt_OC_ReMix.mp3,Final_Fantasy_7_Black_Wing_Metamorphosis_OC_ReMix.mp3,Final_Fantasy_AfterLife_OC_ReMix.mp3,Legend_of_Zelda_A_Link_to_the_Past_Sacred_Flute_OC_ReMix.mp3,Legend_of_Zelda_The_Wind_Waker_Her_Smile_in_Every_Summer_OC_ReMix.mp3,Legend_of_Zelda_Zelda_Heineken_OC_ReMix.mp3,Metal_Gear_Solid_2_Metal_Gear_May_Cry_(Remastered)_OC_ReMix.mp3,Reference Scales_Chromatic Scale On F Sharp.mp3,Reference Scales_On A Flat-G Sharp.mp3,Reference Scales_Pentatonic on F Sharp.mp3,Silent_Hill_2_There_Was_A_Hole_Here_OC_ReMix.mp3,Silent_Hill_2_True(ItsGoneNowmix)_OC_ReMix.mp3,Sonic_the_Hedgehog_2_ForbiddenMemory(ofaForgottenDream)_OC_ReMix.mp3
[0mGET /getMusic [36m304 [0m0.669 ms - -[0m
[0mGET /music/Legend_of_Zelda_The_Wind_Waker_Her_Smile_in_Every_Summer_OC_ReMix.mp3 [36m304 [0m0.345 ms - -[0m
[0mGET /music/Final_Fantasy_6_Magicite_Made_My_Mind_Melt_OC_ReMix.mp3 [36m304 [0m0.352 ms - -[0m
[0mGET /music/Final_Fantasy_6_Magicite_Made_My_Mind_Melt_OC_ReMix.mp3 [36m304 [0m0.319 ms - -[0m
[0mGET /studies.html [36m304 [0m0.339 ms - -[0m
[0mGET /stylesheets/audioChroma.css [36m304 [0m0.722 ms - -[0m
[0mGET /javascripts/header.js [36m304 [0m0.714 ms - -[0m
[0mGET /study.js [32m200 [0m1.141 ms - 5036[0m
[0mGET /music/Legend_of_Zelda_Zelda_Heineken_OC_ReMix.mp3 [36m304 [0m0.333 ms - -[0m
Sent result: 08 Autumn Painter (Luminous Arc - Prelude) [OA, DragonAvenger].mp3,1-11 Epic Bananas (Treetop Tumble) [Sole Signal].mp3,13 - Symbol of the Ancients - AriesT - Harmony of a Hunter.mp3,Darkesword - Ancient Hero.mp3,Donkey_Kong_Country_Permutation_OC_ReMix.mp3,Final_Fantasy_6_Heaven_Awaits_OC_ReMix.mp3,Final_Fantasy_6_Magicite_Made_My_Mind_Melt_OC_ReMix.mp3,Final_Fantasy_7_Black_Wing_Metamorphosis_OC_ReMix.mp3,Final_Fantasy_AfterLife_OC_ReMix.mp3,Legend_of_Zelda_A_Link_to_the_Past_Sacred_Flute_OC_ReMix.mp3,Legend_of_Zelda_The_Wind_Waker_Her_Smile_in_Every_Summer_OC_ReMix.mp3,Legend_of_Zelda_Zelda_Heineken_OC_ReMix.mp3,Metal_Gear_Solid_2_Metal_Gear_May_Cry_(Remastered)_OC_ReMix.mp3,Reference Scales_Chromatic Scale On F Sharp.mp3,Reference Scales_On A Flat-G Sharp.mp3,Reference Scales_Pentatonic on F Sharp.mp3,Silent_Hill_2_There_Was_A_Hole_Here_OC_ReMix.mp3,Silent_Hill_2_True(ItsGoneNowmix)_OC_ReMix.mp3,Sonic_the_Hedgehog_2_ForbiddenMemory(ofaForgottenDream)_OC_ReMix.mp3
[0mGET /getMusic [36m304 [0m0.664 ms - -[0m
[0mGET /AC_logo.png [32m200 [0m0.559 ms - 2974[0m
[0mGET /music/Legend_of_Zelda_Zelda_Heineken_OC_ReMix.mp3 [36m304 [0m0.340 ms - -[0m
[0mGET /stylesheets/audioChroma.css [36m304 [0m0.318 ms - -[0m
[0mGET /studies.html [36m304 [0m0.317 ms - -[0m
[0mGET /stylesheets/audioChroma.css [36m304 [0m0.364 ms - -[0m
[0mGET /javascripts/header.js [36m304 [0m0.436 ms - -[0m
[0mGET /study.js [32m200 [0m3.834 ms - 5034[0m
Sent result: 08 Autumn Painter (Luminous Arc - Prelude) [OA, DragonAvenger].mp3,1-11 Epic Bananas (Treetop Tumble) [Sole Signal].mp3,13 - Symbol of the Ancients - AriesT - Harmony of a Hunter.mp3,Darkesword - Ancient Hero.mp3,Donkey_Kong_Country_Permutation_OC_ReMix.mp3,Final_Fantasy_6_Heaven_Awaits_OC_ReMix.mp3,Final_Fantasy_6_Magicite_Made_My_Mind_Melt_OC_ReMix.mp3,Final_Fantasy_7_Black_Wing_Metamorphosis_OC_ReMix.mp3,Final_Fantasy_AfterLife_OC_ReMix.mp3,Legend_of_Zelda_A_Link_to_the_Past_Sacred_Flute_OC_ReMix.mp3,Legend_of_Zelda_The_Wind_Waker_Her_Smile_in_Every_Summer_OC_ReMix.mp3,Legend_of_Zelda_Zelda_Heineken_OC_ReMix.mp3,Metal_Gear_Solid_2_Metal_Gear_May_Cry_(Remastered)_OC_ReMix.mp3,Reference Scales_Chromatic Scale On F Sharp.mp3,Reference Scales_On A Flat-G Sharp.mp3,Reference Scales_Pentatonic on F Sharp.mp3,Silent_Hill_2_There_Was_A_Hole_Here_OC_ReMix.mp3,Silent_Hill_2_True(ItsGoneNowmix)_OC_ReMix.mp3,Sonic_the_Hedgehog_2_ForbiddenMemory(ofaForgottenDream)_OC_ReMix.mp3
[0mGET /getMusic [36m304 [0m2.323 ms - -[0m
[0mGET /studies.html [36m304 [0m0.318 ms - -[0m
[0mGET /stylesheets/audioChroma.css [36m304 [0m0.331 ms - -[0m
[0mGET /study.js [32m200 [0m0.636 ms - 5034[0m
[0mGET /javascripts/header.js [36m304 [0m0.470 ms - -[0m
Sent result: 08 Autumn Painter (Luminous Arc - Prelude) [OA, DragonAvenger].mp3,1-11 Epic Bananas (Treetop Tumble) [Sole Signal].mp3,13 - Symbol of the Ancients - AriesT - Harmony of a Hunter.mp3,Darkesword - Ancient Hero.mp3,Donkey_Kong_Country_Permutation_OC_ReMix.mp3,Final_Fantasy_6_Heaven_Awaits_OC_ReMix.mp3,Final_Fantasy_6_Magicite_Made_My_Mind_Melt_OC_ReMix.mp3,Final_Fantasy_7_Black_Wing_Metamorphosis_OC_ReMix.mp3,Final_Fantasy_AfterLife_OC_ReMix.mp3,Legend_of_Zelda_A_Link_to_the_Past_Sacred_Flute_OC_ReMix.mp3,Legend_of_Zelda_The_Wind_Waker_Her_Smile_in_Every_Summer_OC_ReMix.mp3,Legend_of_Zelda_Zelda_Heineken_OC_ReMix.mp3,Metal_Gear_Solid_2_Metal_Gear_May_Cry_(Remastered)_OC_ReMix.mp3,Reference Scales_Chromatic Scale On F Sharp.mp3,Reference Scales_On A Flat-G Sharp.mp3,Reference Scales_Pentatonic on F Sharp.mp3,Silent_Hill_2_There_Was_A_Hole_Here_OC_ReMix.mp3,Silent_Hill_2_True(ItsGoneNowmix)_OC_ReMix.mp3,Sonic_the_Hedgehog_2_ForbiddenMemory(ofaForgottenDream)_OC_ReMix.mp3
[0mGET /getMusic [36m304 [0m0.665 ms - -[0m
[0mGET /studies.html [36m304 [0m0.296 ms - -[0m
[0mGET /stylesheets/audioChroma.css [36m304 [0m0.341 ms - -[0m
[0mGET /study.js [32m200 [0m0.529 ms - 4925[0m
[0mGET /javascripts/header.js [36m304 [0m0.194 ms - -[0m
Sent result: 08 Autumn Painter (Luminous Arc - Prelude) [OA, DragonAvenger].mp3,1-11 Epic Bananas (Treetop Tumble) [Sole Signal].mp3,13 - Symbol of the Ancients - AriesT - Harmony of a Hunter.mp3,Darkesword - Ancient Hero.mp3,Donkey_Kong_Country_Permutation_OC_ReMix.mp3,Final_Fantasy_6_Heaven_Awaits_OC_ReMix.mp3,Final_Fantasy_6_Magicite_Made_My_Mind_Melt_OC_ReMix.mp3,Final_Fantasy_7_Black_Wing_Metamorphosis_OC_ReMix.mp3,Final_Fantasy_AfterLife_OC_ReMix.mp3,Legend_of_Zelda_A_Link_to_the_Past_Sacred_Flute_OC_ReMix.mp3,Legend_of_Zelda_The_Wind_Waker_Her_Smile_in_Every_Summer_OC_ReMix.mp3,Legend_of_Zelda_Zelda_Heineken_OC_ReMix.mp3,Metal_Gear_Solid_2_Metal_Gear_May_Cry_(Remastered)_OC_ReMix.mp3,Reference Scales_Chromatic Scale On F Sharp.mp3,Reference Scales_On A Flat-G Sharp.mp3,Reference Scales_Pentatonic on F Sharp.mp3,Silent_Hill_2_There_Was_A_Hole_Here_OC_ReMix.mp3,Silent_Hill_2_True(ItsGoneNowmix)_OC_ReMix.mp3,Sonic_the_Hedgehog_2_ForbiddenMemory(ofaForgottenDream)_OC_ReMix.mp3
[0mGET /getMusic [36m304 [0m2.041 ms - -[0m
[0mGET /testFile.html [36m304 [0m0.315 ms - -[0m
[0mGET /stylesheets/audioChroma.css [36m304 [0m0.523 ms - -[0m
[0mGET /javascripts/testFile.js [36m304 [0m1.585 ms - -[0m
Sent result: 08 Autumn Painter (Luminous Arc - Prelude) [OA, DragonAvenger].mp3,1-11 Epic Bananas (Treetop Tumble) [Sole Signal].mp3,13 - Symbol of the Ancients - AriesT - Harmony of a Hunter.mp3,Darkesword - Ancient Hero.mp3,Donkey_Kong_Country_Permutation_OC_ReMix.mp3,Final_Fantasy_6_Heaven_Awaits_OC_ReMix.mp3,Final_Fantasy_6_Magicite_Made_My_Mind_Melt_OC_ReMix.mp3,Final_Fantasy_7_Black_Wing_Metamorphosis_OC_ReMix.mp3,Final_Fantasy_AfterLife_OC_ReMix.mp3,Legend_of_Zelda_A_Link_to_the_Past_Sacred_Flute_OC_ReMix.mp3,Legend_of_Zelda_The_Wind_Waker_Her_Smile_in_Every_Summer_OC_ReMix.mp3,Legend_of_Zelda_Zelda_Heineken_OC_ReMix.mp3,Metal_Gear_Solid_2_Metal_Gear_May_Cry_(Remastered)_OC_ReMix.mp3,Reference Scales_Chromatic Scale On F Sharp.mp3,Reference Scales_On A Flat-G Sharp.mp3,Reference Scales_Pentatonic on F Sharp.mp3,Silent_Hill_2_There_Was_A_Hole_Here_OC_ReMix.mp3,Silent_Hill_2_True(ItsGoneNowmix)_OC_ReMix.mp3,Sonic_the_Hedgehog_2_ForbiddenMemory(ofaForgottenDream)_OC_ReMix.mp3
[0mGET /getMusic [36m304 [0m0.656 ms - -[0m
[0mGET /music/Legend_of_Zelda_Zelda_Heineken_OC_ReMix.mp3 [36m304 [0m0.208 ms - -[0m
[0mGET /MonoChroma.html [36m304 [0m0.343 ms - -[0m
[0mGET /javascripts/header.js [36m304 [0m0.587 ms - -[0m
[0mGET /stylesheets/audioChroma.css [36m304 [0m0.530 ms - -[0m
[0mGET /javascripts/MonoChroma.js [36m304 [0m0.295 ms - -[0m
[0mGET /logo_bpm.png [36m304 [0m0.293 ms - -[0m
Sent result: 08 Autumn Painter (Luminous Arc - Prelude) [OA, DragonAvenger].mp3,1-11 Epic Bananas (Treetop Tumble) [Sole Signal].mp3,13 - Symbol of the Ancients - AriesT - Harmony of a Hunter.mp3,Darkesword - Ancient Hero.mp3,Donkey_Kong_Country_Permutation_OC_ReMix.mp3,Final_Fantasy_6_Heaven_Awaits_OC_ReMix.mp3,Final_Fantasy_6_Magicite_Made_My_Mind_Melt_OC_ReMix.mp3,Final_Fantasy_7_Black_Wing_Metamorphosis_OC_ReMix.mp3,Final_Fantasy_AfterLife_OC_ReMix.mp3,Legend_of_Zelda_A_Link_to_the_Past_Sacred_Flute_OC_ReMix.mp3,Legend_of_Zelda_The_Wind_Waker_Her_Smile_in_Every_Summer_OC_ReMix.mp3,Legend_of_Zelda_Zelda_Heineken_OC_ReMix.mp3,Metal_Gear_Solid_2_Metal_Gear_May_Cry_(Remastered)_OC_ReMix.mp3,Reference Scales_Chromatic Scale On F Sharp.mp3,Reference Scales_On A Flat-G Sharp.mp3,Reference Scales_Pentatonic on F Sharp.mp3,Silent_Hill_2_There_Was_A_Hole_Here_OC_ReMix.mp3,Silent_Hill_2_True(ItsGoneNowmix)_OC_ReMix.mp3,Sonic_the_Hedgehog_2_ForbiddenMemory(ofaForgottenDream)_OC_ReMix.mp3
[0mGET /getMusic [36m304 [0m0.590 ms - -[0m
[0mGET / [32m200 [0m1.369 ms - 1372[0m
[0mGET /AC_logo.png [32m200 [0m0.529 ms - 2974[0m
[0mGET / [32m200 [0m1.312 ms - 1372[0m
[0mGET /stylesheets/audioChroma.css [32m200 [0m1.121 ms - 4346[0m
[0mGET /javascripts/header.js [32m200 [0m0.928 ms - 1554[0m
[0mGET /javascripts/audioChroma.js [32m200 [0m1.090 ms - 5234[0m
https://api.getsongbpm.com/search/?api_key=ddc0aaf5425f7f5216975a10ad511860&type=artist&lookup=green+day
[0mGET /getMusicData [31m500 [0m2.906 ms - 1352[0m
Sent result: 08 Autumn Painter (Luminous Arc - Prelude) [OA, DragonAvenger].mp3,1-11 Epic Bananas (Treetop Tumble) [Sole Signal].mp3,13 - Symbol of the Ancients - AriesT - Harmony of a Hunter.mp3,Darkesword - Ancient Hero.mp3,Donkey_Kong_Country_Permutation_OC_ReMix.mp3,Final_Fantasy_6_Heaven_Awaits_OC_ReMix.mp3,Final_Fantasy_6_Magicite_Made_My_Mind_Melt_OC_ReMix.mp3,Final_Fantasy_7_Black_Wing_Metamorphosis_OC_ReMix.mp3,Final_Fantasy_AfterLife_OC_ReMix.mp3,Legend_of_Zelda_A_Link_to_the_Past_Sacred_Flute_OC_ReMix.mp3,Legend_of_Zelda_The_Wind_Waker_Her_Smile_in_Every_Summer_OC_ReMix.mp3,Legend_of_Zelda_Zelda_Heineken_OC_ReMix.mp3,Metal_Gear_Solid_2_Metal_Gear_May_Cry_(Remastered)_OC_ReMix.mp3,Reference Scales_Chromatic Scale On F Sharp.mp3,Reference Scales_On A Flat-G Sharp.mp3,Reference Scales_Pentatonic on F Sharp.mp3,Silent_Hill_2_There_Was_A_Hole_Here_OC_ReMix.mp3,Silent_Hill_2_True(ItsGoneNowmix)_OC_ReMix.mp3,Sonic_the_Hedgehog_2_ForbiddenMemory(ofaForgottenDream)_OC_ReMix.mp3
[0mGET /getMusic [32m200 [0m3.669 ms - 1021[0m
[0mGET /AC_logo.png [32m200 [0m0.558 ms - 2974[0m
[0mGET /music/Legend_of_Zelda_Zelda_Heineken_OC_ReMix.mp3 [32m206 [0m8.089 ms - 4702555[0m
[0mGET /music/Silent_Hill_2_There_Was_A_Hole_Here_OC_ReMix.mp3 [32m206 [0m1.965 ms - 5856164[0m
[0mGET /music/Reference%20Scales_Pentatonic%20on%20F%20Sharp.mp3 [32m206 [0m2.285 ms - 135188[0m
[0mGET /home.html [32m200 [0m1.433 ms - 1627[0m
[0mGET /stylesheets/audioChroma.css [36m304 [0m1.089 ms - -[0m
[0mGET /javascripts/header.js [36m304 [0m0.629 ms - -[0m
[0mGET /audioChroma.js [33m404 [0m1.827 ms - 1276[0m
[0mGET /audiosurf.jpg [32m200 [0m2.374 ms - 238451[0m
[0mGET / [32m200 [0m4.346 ms - 1372[0m
[0mGET /AC_logo.png [32m200 [0m6.799 ms - 2974[0m
[0mGET / [32m200 [0m3.211 ms - 1372[0m
[0mGET /AC_logo.png [32m200 [0m0.887 ms - 2974[0m
[0mGET / [32m200 [0m0.985 ms - 1372[0m
[0mGET / [32m200 [0m0.753 ms - 1372[0m
[0mGET /AC_logo.png [32m200 [0m0.564 ms - 2974[0m
[0mGET / [32m200 [0m14.828 ms - 1372[0m
[0mGET /stylesheets/audioChroma.css [32m200 [0m1.660 ms - 4346[0m
[0mGET /javascripts/audioChroma.js [32m200 [0m1.710 ms - 5234[0m
[0mGET /javascripts/header.js [32m200 [0m0.988 ms - 1554[0m
https://api.getsongbpm.com/search/?api_key=ddc0aaf5425f7f5216975a10ad511860&type=artist&lookup=green+day
[0mGET /getMusicData [31m500 [0m6.678 ms - 1352[0m
Sent result: 08 Autumn Painter (Luminous Arc - Prelude) [OA, DragonAvenger].mp3,1-11 Epic Bananas (Treetop Tumble) [Sole Signal].mp3,13 - Symbol of the Ancients - AriesT - Harmony of a Hunter.mp3,Darkesword - Ancient Hero.mp3,Donkey_Kong_Country_Permutation_OC_ReMix.mp3,Final_Fantasy_6_Heaven_Awaits_OC_ReMix.mp3,Final_Fantasy_6_Magicite_Made_My_Mind_Melt_OC_ReMix.mp3,Final_Fantasy_7_Black_Wing_Metamorphosis_OC_ReMix.mp3,Final_Fantasy_AfterLife_OC_ReMix.mp3,Legend_of_Zelda_A_Link_to_the_Past_Sacred_Flute_OC_ReMix.mp3,Legend_of_Zelda_The_Wind_Waker_Her_Smile_in_Every_Summer_OC_ReMix.mp3,Legend_of_Zelda_Zelda_Heineken_OC_ReMix.mp3,Metal_Gear_Solid_2_Metal_Gear_May_Cry_(Remastered)_OC_ReMix.mp3,Reference Scales_Chromatic Scale On F Sharp.mp3,Reference Scales_On A Flat-G Sharp.mp3,Reference Scales_Pentatonic on F Sharp.mp3,Silent_Hill_2_There_Was_A_Hole_Here_OC_ReMix.mp3,Silent_Hill_2_True(ItsGoneNowmix)_OC_ReMix.mp3,Sonic_the_Hedgehog_2_ForbiddenMemory(ofaForgottenDream)_OC_ReMix.mp3
[0mGET /getMusic [32m200 [0m2.564 ms - 1021[0m
[0mGET / [32m200 [0m0.715 ms - 1372[0m
[0mGET /AC_logo.png [32m200 [0m1.064 ms - 2974[0m
[0mGET / [32m200 [0m0.657 ms - 1372[0m
[0mGET /javascripts/header.js [32m200 [0m0.923 ms - 1554[0m
[0mGET /stylesheets/audioChroma.css [32m200 [0m0.941 ms - 4346[0m
[0mGET /javascripts/audioChroma.js [32m200 [0m2.532 ms - 5234[0m
https://api.getsongbpm.com/search/?api_key=ddc0aaf5425f7f5216975a10ad511860&type=artist&lookup=green+day
[0mGET /getMusicData [31m500 [0m0.939 ms - 1352[0m
Sent result: 08 Autumn Painter (Luminous Arc - Prelude) [OA, DragonAvenger].mp3,1-11 Epic Bananas (Treetop Tumble) [Sole Signal].mp3,13 - Symbol of the Ancients - AriesT - Harmony of a Hunter.mp3,Darkesword - Ancient Hero.mp3,Donkey_Kong_Country_Permutation_OC_ReMix.mp3,Final_Fantasy_6_Heaven_Awaits_OC_ReMix.mp3,Final_Fantasy_6_Magicite_Made_My_Mind_Melt_OC_ReMix.mp3,Final_Fantasy_7_Black_Wing_Metamorphosis_OC_ReMix.mp3,Final_Fantasy_AfterLife_OC_ReMix.mp3,Legend_of_Zelda_A_Link_to_the_Past_Sacred_Flute_OC_ReMix.mp3,Legend_of_Zelda_The_Wind_Waker_Her_Smile_in_Every_Summer_OC_ReMix.mp3,Legend_of_Zelda_Zelda_Heineken_OC_ReMix.mp3,Metal_Gear_Solid_2_Metal_Gear_May_Cry_(Remastered)_OC_ReMix.mp3,Reference Scales_Chromatic Scale On F Sharp.mp3,Reference Scales_On A Flat-G Sharp.mp3,Reference Scales_Pentatonic on F Sharp.mp3,Silent_Hill_2_There_Was_A_Hole_Here_OC_ReMix.mp3,Silent_Hill_2_True(ItsGoneNowmix)_OC_ReMix.mp3,Sonic_the_Hedgehog_2_ForbiddenMemory(ofaForgottenDream)_OC_ReMix.mp3
[0mGET /getMusic [32m200 [0m1.472 ms - 1021[0m
[0mGET /AC_logo.png [32m200 [0m0.492 ms - 2974[0m
[0mGET /music/Legend_of_Zelda_Zelda_Heineken_OC_ReMix.mp3 [32m206 [0m2.359 ms - 4702555[0m
[0mGET /studies.html [32m200 [0m1.103 ms - 1587[0m
[0mGET /study.js [32m200 [0m1.264 ms - 4931[0m
[0mGET /stylesheets/audioChroma.css [36m304 [0m0.491 ms - -[0m
[0mGET /javascripts/header.js [36m304 [0m0.238 ms - -[0m
Sent result: 08 Autumn Painter (Luminous Arc - Prelude) [OA, DragonAvenger].mp3,1-11 Epic Bananas (Treetop Tumble) [Sole Signal].mp3,13 - Symbol of the Ancients - AriesT - Harmony of a Hunter.mp3,Darkesword - Ancient Hero.mp3,Donkey_Kong_Country_Permutation_OC_ReMix.mp3,Final_Fantasy_6_Heaven_Awaits_OC_ReMix.mp3,Final_Fantasy_6_Magicite_Made_My_Mind_Melt_OC_ReMix.mp3,Final_Fantasy_7_Black_Wing_Metamorphosis_OC_ReMix.mp3,Final_Fantasy_AfterLife_OC_ReMix.mp3,Legend_of_Zelda_A_Link_to_the_Past_Sacred_Flute_OC_ReMix.mp3,Legend_of_Zelda_The_Wind_Waker_Her_Smile_in_Every_Summer_OC_ReMix.mp3,Legend_of_Zelda_Zelda_Heineken_OC_ReMix.mp3,Metal_Gear_Solid_2_Metal_Gear_May_Cry_(Remastered)_OC_ReMix.mp3,Reference Scales_Chromatic Scale On F Sharp.mp3,Reference Scales_On A Flat-G Sharp.mp3,Reference Scales_Pentatonic on F Sharp.mp3,Silent_Hill_2_There_Was_A_Hole_Here_OC_ReMix.mp3,Silent_Hill_2_True(ItsGoneNowmix)_OC_ReMix.mp3,Sonic_the_Hedgehog_2_ForbiddenMemory(ofaForgottenDream)_OC_ReMix.mp3
[0mGET /getMusic [36m304 [0m5.299 ms - -[0m
[0mGET /music/Legend_of_Zelda_Zelda_Heineken_OC_ReMix.mp3 [36m304 [0m0.390 ms - -[0m
[0mGET /music/Legend_of_Zelda_Zelda_Heineken_OC_ReMix.mp3 [32m206 [0m1.585 ms - 4606987[0m
[0mGET /music/Legend_of_Zelda_Zelda_Heineken_OC_ReMix.mp3 [36m304 [0m0.317 ms - -[0m
[0mGET /music/Final_Fantasy_7_Black_Wing_Metamorphosis_OC_ReMix.mp3 [32m206 [0m3.063 ms - 4786354[0m
[0mGET /music/Final_Fantasy_7_Black_Wing_Metamorphosis_OC_ReMix.mp3 [36m304 [0m0.326 ms - -[0m
[0mGET /music/Final_Fantasy_7_Black_Wing_Metamorphosis_OC_ReMix.mp3 [32m206 [0m0.618 ms - 4695130[0m
[0mGET /TriBand.html [32m200 [0m0.604 ms - 1660[0m
[0mGET /stylesheets/audioChroma.css [36m304 [0m0.334 ms - -[0m
[0mGET /javascripts/header.js [36m304 [0m0.284 ms - -[0m
[0mGET /javascripts/TriBand.js [32m200 [0m1.245 ms - 3618[0m
[0mGET /music/Legend_of_Zelda_Zelda_Heineken_OC_ReMix.mp3 [36m304 [0m0.339 ms - -[0m
Sent result: 08 Autumn Painter (Luminous Arc - Prelude) [OA, DragonAvenger].mp3,1-11 Epic Bananas (Treetop Tumble) [Sole Signal].mp3,13 - Symbol of the Ancients - AriesT - Harmony of a Hunter.mp3,Darkesword - Ancient Hero.mp3,Donkey_Kong_Country_Permutation_OC_ReMix.mp3,Final_Fantasy_6_Heaven_Awaits_OC_ReMix.mp3,Final_Fantasy_6_Magicite_Made_My_Mind_Melt_OC_ReMix.mp3,Final_Fantasy_7_Black_Wing_Metamorphosis_OC_ReMix.mp3,Final_Fantasy_AfterLife_OC_ReMix.mp3,Legend_of_Zelda_A_Link_to_the_Past_Sacred_Flute_OC_ReMix.mp3,Legend_of_Zelda_The_Wind_Waker_Her_Smile_in_Every_Summer_OC_ReMix.mp3,Legend_of_Zelda_Zelda_Heineken_OC_ReMix.mp3,Metal_Gear_Solid_2_Metal_Gear_May_Cry_(Remastered)_OC_ReMix.mp3,Reference Scales_Chromatic Scale On F Sharp.mp3,Reference Scales_On A Flat-G Sharp.mp3,Reference Scales_Pentatonic on F Sharp.mp3,Silent_Hill_2_There_Was_A_Hole_Here_OC_ReMix.mp3,Silent_Hill_2_True(ItsGoneNowmix)_OC_ReMix.mp3,Sonic_the_Hedgehog_2_ForbiddenMemory(ofaForgottenDream)_OC_ReMix.mp3
[0mGET /getMusic [36m304 [0m1.599 ms - -[0m
[0mGET /music/Legend_of_Zelda_Zelda_Heineken_OC_ReMix.mp3 [36m304 [0m0.387 ms - -[0m
[0mGET /music/Legend_of_Zelda_Zelda_Heineken_OC_ReMix.mp3 [36m304 [0m0.339 ms - -[0m
[0mGET /home.html [32m200 [0m1.145 ms - 1627[0m
[0mGET /stylesheets/audioChroma.css [36m304 [0m0.544 ms - -[0m
[0mGET /javascripts/header.js [36m304 [0m0.516 ms - -[0m
[0mGET /audioChroma.js [33m404 [0m25.678 ms - 1276[0m
[0mGET /audiosurf.jpg [32m200 [0m1.483 ms - 238451[0m
[0mGET /studies.html [36m304 [0m0.378 ms - -[0m
[0mGET /javascripts/header.js [36m304 [0m0.617 ms - -[0m
[0mGET /stylesheets/audioChroma.css [36m304 [0m0.578 ms - -[0m
[0mGET /study.js [36m304 [0m0.209 ms - -[0m
Sent result: 08 Autumn Painter (Luminous Arc - Prelude) [OA, DragonAvenger].mp3,1-11 Epic Bananas (Treetop Tumble) [Sole Signal].mp3,13 - Symbol of the Ancients - AriesT - Harmony of a Hunter.mp3,Darkesword - Ancient Hero.mp3,Donkey_Kong_Country_Permutation_OC_ReMix.mp3,Final_Fantasy_6_Heaven_Awaits_OC_ReMix.mp3,Final_Fantasy_6_Magicite_Made_My_Mind_Melt_OC_ReMix.mp3,Final_Fantasy_7_Black_Wing_Metamorphosis_OC_ReMix.mp3,Final_Fantasy_AfterLife_OC_ReMix.mp3,Legend_of_Zelda_A_Link_to_the_Past_Sacred_Flute_OC_ReMix.mp3,Legend_of_Zelda_The_Wind_Waker_Her_Smile_in_Every_Summer_OC_ReMix.mp3,Legend_of_Zelda_Zelda_Heineken_OC_ReMix.mp3,Metal_Gear_Solid_2_Metal_Gear_May_Cry_(Remastered)_OC_ReMix.mp3,Reference Scales_Chromatic Scale On F Sharp.mp3,Reference Scales_On A Flat-G Sharp.mp3,Reference Scales_Pentatonic on F Sharp.mp3,Silent_Hill_2_There_Was_A_Hole_Here_OC_ReMix.mp3,Silent_Hill_2_True(ItsGoneNowmix)_OC_ReMix.mp3,Sonic_the_Hedgehog_2_ForbiddenMemory(ofaForgottenDream)_OC_ReMix.mp3
[0mGET /getMusic [36m304 [0m0.658 ms - -[0m
[0mGET /Tutorial.html [32m200 [0m7.106 ms - 1003[0m
[0mGET /javascripts/TriBand.js [36m304 [0m0.796 ms - -[0m
[0mGET /stylesheets/audioChroma.css [36m304 [0m0.749 ms - -[0m
[0mGET /javascripts/header.js [36m304 [0m0.752 ms - -[0m
[0mGET /home.html [36m304 [0m0.327 ms - -[0m
[0mGET /stylesheets/audioChroma.css [36m304 [0m0.567 ms - -[0m
[0mGET /javascripts/header.js [36m304 [0m0.576 ms - -[0m
[0mGET /audioChroma.js [33m404 [0m4.940 ms - 1276[0m
[0mGET /audiosurf.jpg [36m304 [0m0.346 ms - -[0m
[0mGET /MonoChroma.html [32m200 [0m1.298 ms - 1389[0m
[0mGET /stylesheets/audioChroma.css [36m304 [0m0.341 ms - -[0m
[0mGET /javascripts/header.js [36m304 [0m0.198 ms - -[0m
[0mGET /javascripts/MonoChroma.js [32m200 [0m1.198 ms - 3345[0m
[0mGET /logo_bpm.png [32m200 [0m0.894 ms - 6897[0m
[0mGET /music/Legend_of_Zelda_Zelda_Heineken_OC_ReMix.mp3 [36m304 [0m0.618 ms - -[0m
Sent result: 08 Autumn Painter (Luminous Arc - Prelude) [OA, DragonAvenger].mp3,1-11 Epic Bananas (Treetop Tumble) [Sole Signal].mp3,13 - Symbol of the Ancients - AriesT - Harmony of a Hunter.mp3,Darkesword - Ancient Hero.mp3,Donkey_Kong_Country_Permutation_OC_ReMix.mp3,Final_Fantasy_6_Heaven_Awaits_OC_ReMix.mp3,Final_Fantasy_6_Magicite_Made_My_Mind_Melt_OC_ReMix.mp3,Final_Fantasy_7_Black_Wing_Metamorphosis_OC_ReMix.mp3,Final_Fantasy_AfterLife_OC_ReMix.mp3,Legend_of_Zelda_A_Link_to_the_Past_Sacred_Flute_OC_ReMix.mp3,Legend_of_Zelda_The_Wind_Waker_Her_Smile_in_Every_Summer_OC_ReMix.mp3,Legend_of_Zelda_Zelda_Heineken_OC_ReMix.mp3,Metal_Gear_Solid_2_Metal_Gear_May_Cry_(Remastered)_OC_ReMix.mp3,Reference Scales_Chromatic Scale On F Sharp.mp3,Reference Scales_On A Flat-G Sharp.mp3,Reference Scales_Pentatonic on F Sharp.mp3,Silent_Hill_2_There_Was_A_Hole_Here_OC_ReMix.mp3,Silent_Hill_2_True(ItsGoneNowmix)_OC_ReMix.mp3,Sonic_the_Hedgehog_2_ForbiddenMemory(ofaForgottenDream)_OC_ReMix.mp3
[0mGET /getMusic [36m304 [0m0.683 ms - -[0m
[0mGET /music/Legend_of_Zelda_Zelda_Heineken_OC_ReMix.mp3 [36m304 [0m0.365 ms - -[0m
[0mGET /music/1-11%20Epic%20Bananas%20(Treetop%20Tumble)%20[Sole%20Signal].mp3 [32m206 [0m1.718 ms - 8469316[0m
[0mGET /audioChroma.html [32m200 [0m0.588 ms - 1372[0m
[0mGET /stylesheets/audioChroma.css [36m304 [0m0.330 ms - -[0m
[0mGET /javascripts/header.js [36m304 [0m0.206 ms - -[0m
[0mGET /javascripts/audioChroma.js [36m304 [0m0.309 ms - -[0m
https://api.getsongbpm.com/search/?api_key=ddc0aaf5425f7f5216975a10ad511860&type=artist&lookup=green+day
[0mGET /getMusicData [31m500 [0m1.088 ms - 1352[0m
Sent result: 08 Autumn Painter (Luminous Arc - Prelude) [OA, DragonAvenger].mp3,1-11 Epic Bananas (Treetop Tumble) [Sole Signal].mp3,13 - Symbol of the Ancients - AriesT - Harmony of a Hunter.mp3,Darkesword - Ancient Hero.mp3,Donkey_Kong_Country_Permutation_OC_ReMix.mp3,Final_Fantasy_6_Heaven_Awaits_OC_ReMix.mp3,Final_Fantasy_6_Magicite_Made_My_Mind_Melt_OC_ReMix.mp3,Final_Fantasy_7_Black_Wing_Metamorphosis_OC_ReMix.mp3,Final_Fantasy_AfterLife_OC_ReMix.mp3,Legend_of_Zelda_A_Link_to_the_Past_Sacred_Flute_OC_ReMix.mp3,Legend_of_Zelda_The_Wind_Waker_Her_Smile_in_Every_Summer_OC_ReMix.mp3,Legend_of_Zelda_Zelda_Heineken_OC_ReMix.mp3,Metal_Gear_Solid_2_Metal_Gear_May_Cry_(Remastered)_OC_ReMix.mp3,Reference Scales_Chromatic Scale On F Sharp.mp3,Reference Scales_On A Flat-G Sharp.mp3,Reference Scales_Pentatonic on F Sharp.mp3,Silent_Hill_2_There_Was_A_Hole_Here_OC_ReMix.mp3,Silent_Hill_2_True(ItsGoneNowmix)_OC_ReMix.mp3,Sonic_the_Hedgehog_2_ForbiddenMemory(ofaForgottenDream)_OC_ReMix.mp3
[0mGET /getMusic [36m304 [0m1.855 ms - -[0m
[0mGET /music/Legend_of_Zelda_Zelda_Heineken_OC_ReMix.mp3 [36m304 [0m0.374 ms - -[0m
[0mGET /TriBand.html [36m304 [0m0.331 ms - -[0m
[0mGET /javascripts/TriBand.js [36m304 [0m0.362 ms - -[0m
[0mGET /stylesheets/audioChroma.css [36m304 [0m0.219 ms - -[0m
[0mGET /javascripts/header.js [36m304 [0m1.773 ms - -[0m
Sent result: 08 Autumn Painter (Luminous Arc - Prelude) [OA, DragonAvenger].mp3,1-11 Epic Bananas (Treetop Tumble) [Sole Signal].mp3,13 - Symbol of the Ancients - AriesT - Harmony of a Hunter.mp3,Darkesword - Ancient Hero.mp3,Donkey_Kong_Country_Permutation_OC_ReMix.mp3,Final_Fantasy_6_Heaven_Awaits_OC_ReMix.mp3,Final_Fantasy_6_Magicite_Made_My_Mind_Melt_OC_ReMix.mp3,Final_Fantasy_7_Black_Wing_Metamorphosis_OC_ReMix.mp3,Final_Fantasy_AfterLife_OC_ReMix.mp3,Legend_of_Zelda_A_Link_to_the_Past_Sacred_Flute_OC_ReMix.mp3,Legend_of_Zelda_The_Wind_Waker_Her_Smile_in_Every_Summer_OC_ReMix.mp3,Legend_of_Zelda_Zelda_Heineken_OC_ReMix.mp3,Metal_Gear_Solid_2_Metal_Gear_May_Cry_(Remastered)_OC_ReMix.mp3,Reference Scales_Chromatic Scale On F Sharp.mp3,Reference Scales_On A Flat-G Sharp.mp3,Reference Scales_Pentatonic on F Sharp.mp3,Silent_Hill_2_There_Was_A_Hole_Here_OC_ReMix.mp3,Silent_Hill_2_True(ItsGoneNowmix)_OC_ReMix.mp3,Sonic_the_Hedgehog_2_ForbiddenMemory(ofaForgottenDream)_OC_ReMix.mp3
[0mGET /getMusic [36m304 [0m0.640 ms - -[0m
[0mGET /studies.html [36m304 [0m0.309 ms - -[0m
[0mGET /stylesheets/audioChroma.css [36m304 [0m0.340 ms - -[0m
[0mGET /javascripts/header.js [36m304 [0m0.207 ms - -[0m
[0mGET /study.js [36m304 [0m0.332 ms - -[0m
Sent result: 08 Autumn Painter (Luminous Arc - Prelude) [OA, DragonAvenger].mp3,1-11 Epic Bananas (Treetop Tumble) [Sole Signal].mp3,13 - Symbol of the Ancients - AriesT - Harmony of a Hunter.mp3,Darkesword - Ancient Hero.mp3,Donkey_Kong_Country_Permutation_OC_ReMix.mp3,Final_Fantasy_6_Heaven_Awaits_OC_ReMix.mp3,Final_Fantasy_6_Magicite_Made_My_Mind_Melt_OC_ReMix.mp3,Final_Fantasy_7_Black_Wing_Metamorphosis_OC_ReMix.mp3,Final_Fantasy_AfterLife_OC_ReMix.mp3,Legend_of_Zelda_A_Link_to_the_Past_Sacred_Flute_OC_ReMix.mp3,Legend_of_Zelda_The_Wind_Waker_Her_Smile_in_Every_Summer_OC_ReMix.mp3,Legend_of_Zelda_Zelda_Heineken_OC_ReMix.mp3,Metal_Gear_Solid_2_Metal_Gear_May_Cry_(Remastered)_OC_ReMix.mp3,Reference Scales_Chromatic Scale On F Sharp.mp3,Reference Scales_On A Flat-G Sharp.mp3,Reference Scales_Pentatonic on F Sharp.mp3,Silent_Hill_2_There_Was_A_Hole_Here_OC_ReMix.mp3,Silent_Hill_2_True(ItsGoneNowmix)_OC_ReMix.mp3,Sonic_the_Hedgehog_2_ForbiddenMemory(ofaForgottenDream)_OC_ReMix.mp3
[0mGET /getMusic [36m304 [0m0.722 ms - -[0m
[0mGET /music/Silent_Hill_2_There_Was_A_Hole_Here_OC_ReMix.mp3 [36m304 [0m0.351 ms - -[0m
[0mGET /music/Silent_Hill_2_There_Was_A_Hole_Here_OC_ReMix.mp3 [32m206 [0m2.182 ms - 5856164[0m
[0mGET /music/Silent_Hill_2_There_Was_A_Hole_Here_OC_ReMix.mp3 [36m304 [0m0.291 ms - -[0m
[0mGET /music/Silent_Hill_2_There_Was_A_Hole_Here_OC_ReMix.mp3 [32m206 [0m0.630 ms - 5814172[0m
[0mGET /music/Silent_Hill_2_There_Was_A_Hole_Here_OC_ReMix.mp3 [36m304 [0m0.381 ms - -[0m
[0mGET /music/Silent_Hill_2_There_Was_A_Hole_Here_OC_ReMix.mp3 [32m206 [0m0.652 ms - 5772180[0m
[0mGET /music/Sonic_the_Hedgehog_2_ForbiddenMemory(ofaForgottenDream)_OC_ReMix.mp3 [36m304 [0m0.338 ms - -[0m
[0mGET /music/Sonic_the_Hedgehog_2_ForbiddenMemory(ofaForgottenDream)_OC_ReMix.mp3 [32m206 [0m2.420 ms - 6243370[0m
[0mGET /music/Sonic_the_Hedgehog_2_ForbiddenMemory(ofaForgottenDream)_OC_ReMix.mp3 [36m304 [0m0.355 ms - -[0m
[0mGET /music/Sonic_the_Hedgehog_2_ForbiddenMemory(ofaForgottenDream)_OC_ReMix.mp3 [32m206 [0m0.622 ms - 6201378[0m
[0mGET /music/Sonic_the_Hedgehog_2_ForbiddenMemory(ofaForgottenDream)_OC_ReMix.mp3 [36m304 [0m0.334 ms - -[0m
[0mGET /music/Sonic_the_Hedgehog_2_ForbiddenMemory(ofaForgottenDream)_OC_ReMix.mp3 [32m206 [0m0.623 ms - 6159386[0m
[0mGET /music/Final_Fantasy_6_Magicite_Made_My_Mind_Melt_OC_ReMix.mp3 [32m206 [0m1.317 ms - 5763126[0m
[0mGET /music/Final_Fantasy_6_Magicite_Made_My_Mind_Melt_OC_ReMix.mp3 [36m304 [0m0.693 ms - -[0m
[0mGET /music/Final_Fantasy_6_Magicite_Made_My_Mind_Melt_OC_ReMix.mp3 [32m206 [0m1.658 ms - 5671976[0m
